{"/home/travis/build/npmtest/node-npmtest-angular-cli/test.js":{"path":"/home/travis/build/npmtest/node-npmtest-angular-cli/test.js","s":{"1":2,"2":2,"3":2,"4":2,"5":2,"6":2,"7":2,"8":1,"9":2,"10":2,"11":1,"12":1,"13":1,"14":1,"15":2,"16":2,"17":2,"18":2,"19":1,"20":1,"21":2,"22":2,"23":2,"24":1,"25":1,"26":1,"27":1,"28":1,"29":1,"30":1,"31":1,"32":1,"33":1,"34":1,"35":1,"36":2,"37":2,"38":1,"39":2,"40":2,"41":1,"42":2,"43":2,"44":1,"45":1,"46":1,"47":1,"48":1},"b":{"1":[2,1,1,1],"2":[1,1,1,1],"3":[1,1],"4":[1,1],"5":[1,1],"6":[1,1],"7":[1,1],"8":[1,1],"9":[1,1,1],"10":[1,1],"11":[1,1],"12":[1,1],"13":[1,1],"14":[1,1],"15":[1,1]},"f":{"1":2,"2":2,"3":2,"4":2,"5":2,"6":1,"7":1,"8":2,"9":2,"10":2,"11":1},"fnMap":{"1":{"name":"(anonymous_1)","line":12,"loc":{"start":{"line":12,"column":1},"end":{"line":12,"column":13}}},"2":{"name":"(anonymous_2)","line":19,"loc":{"start":{"line":19,"column":5},"end":{"line":19,"column":17}}},"3":{"name":"(anonymous_3)","line":23,"loc":{"start":{"line":23,"column":24},"end":{"line":23,"column":36}}},"4":{"name":"(anonymous_4)","line":61,"loc":{"start":{"line":61,"column":5},"end":{"line":61,"column":17}}},"5":{"name":"(anonymous_5)","line":82,"loc":{"start":{"line":82,"column":5},"end":{"line":82,"column":17}}},"6":{"name":"(anonymous_6)","line":102,"loc":{"start":{"line":102,"column":83},"end":{"line":105,"column":10}},"skip":true},"7":{"name":"(anonymous_7)","line":113,"loc":{"start":{"line":113,"column":77},"end":{"line":116,"column":10}},"skip":true},"8":{"name":"(anonymous_8)","line":127,"loc":{"start":{"line":127,"column":77},"end":{"line":130,"column":10}},"skip":true},"9":{"name":"(anonymous_9)","line":138,"loc":{"start":{"line":138,"column":83},"end":{"line":141,"column":10}},"skip":true},"10":{"name":"(anonymous_10)","line":149,"loc":{"start":{"line":149,"column":79},"end":{"line":152,"column":10}},"skip":true},"11":{"name":"(anonymous_11)","line":160,"loc":{"start":{"line":160,"column":75},"end":{"line":163,"column":10}},"skip":true}},"statementMap":{"1":{"start":{"line":12,"column":0},"end":{"line":175,"column":5}},"2":{"start":{"line":14,"column":4},"end":{"line":14,"column":14}},"3":{"start":{"line":19,"column":4},"end":{"line":56,"column":9}},"4":{"start":{"line":21,"column":8},"end":{"line":21,"column":19}},"5":{"start":{"line":23,"column":8},"end":{"line":35,"column":13}},"6":{"start":{"line":24,"column":12},"end":{"line":34,"column":13}},"7":{"start":{"line":25,"column":16},"end":{"line":28,"column":30}},"8":{"start":{"line":30,"column":16},"end":{"line":33,"column":27}},"9":{"start":{"line":37,"column":8},"end":{"line":39,"column":21}},"10":{"start":{"line":40,"column":8},"end":{"line":53,"column":9}},"11":{"start":{"line":43,"column":12},"end":{"line":46,"column":14}},"12":{"start":{"line":47,"column":12},"end":{"line":47,"column":18}},"13":{"start":{"line":50,"column":12},"end":{"line":51,"column":46}},"14":{"start":{"line":52,"column":12},"end":{"line":52,"column":18}},"15":{"start":{"line":55,"column":8},"end":{"line":55,"column":35}},"16":{"start":{"line":61,"column":4},"end":{"line":63,"column":9}},"17":{"start":{"line":62,"column":8},"end":{"line":62,"column":15}},"18":{"start":{"line":64,"column":4},"end":{"line":77,"column":5}},"19":{"start":{"line":70,"column":8},"end":{"line":70,"column":14}},"20":{"start":{"line":76,"column":8},"end":{"line":76,"column":14}},"21":{"start":{"line":82,"column":4},"end":{"line":84,"column":9}},"22":{"start":{"line":83,"column":8},"end":{"line":83,"column":15}},"23":{"start":{"line":85,"column":4},"end":{"line":174,"column":5}},"24":{"start":{"line":92,"column":8},"end":{"line":94,"column":63}},"25":{"start":{"line":95,"column":8},"end":{"line":95,"column":14}},"26":{"start":{"line":102,"column":8},"end":{"line":111,"column":10},"skip":true},"27":{"start":{"line":109,"column":12},"end":{"line":109,"column":55},"skip":true},"28":{"start":{"line":110,"column":12},"end":{"line":110,"column":48},"skip":true},"29":{"start":{"line":113,"column":8},"end":{"line":125,"column":10},"skip":true},"30":{"start":{"line":120,"column":12},"end":{"line":120,"column":76},"skip":true},"31":{"start":{"line":121,"column":12},"end":{"line":121,"column":73},"skip":true},"32":{"start":{"line":122,"column":12},"end":{"line":122,"column":74},"skip":true},"33":{"start":{"line":123,"column":12},"end":{"line":123,"column":25},"skip":true},"34":{"start":{"line":124,"column":12},"end":{"line":124,"column":45},"skip":true},"35":{"start":{"line":127,"column":8},"end":{"line":136,"column":10},"skip":true},"36":{"start":{"line":134,"column":12},"end":{"line":134,"column":25},"skip":true},"37":{"start":{"line":135,"column":12},"end":{"line":135,"column":45},"skip":true},"38":{"start":{"line":138,"column":8},"end":{"line":147,"column":10},"skip":true},"39":{"start":{"line":145,"column":12},"end":{"line":145,"column":25},"skip":true},"40":{"start":{"line":146,"column":12},"end":{"line":146,"column":48},"skip":true},"41":{"start":{"line":149,"column":8},"end":{"line":158,"column":10},"skip":true},"42":{"start":{"line":156,"column":12},"end":{"line":156,"column":25},"skip":true},"43":{"start":{"line":157,"column":12},"end":{"line":157,"column":46},"skip":true},"44":{"start":{"line":160,"column":8},"end":{"line":169,"column":10},"skip":true},"45":{"start":{"line":167,"column":12},"end":{"line":167,"column":94},"skip":true},"46":{"start":{"line":168,"column":12},"end":{"line":168,"column":48},"skip":true},"47":{"start":{"line":172,"column":8},"end":{"line":172,"column":35},"skip":true},"48":{"start":{"line":173,"column":8},"end":{"line":173,"column":14},"skip":true}},"branchMap":{"1":{"line":25,"type":"binary-expr","locations":[{"start":{"line":25,"column":23},"end":{"line":25,"column":62}},{"start":{"line":26,"column":20},"end":{"line":26,"column":70}},{"start":{"line":27,"column":20},"end":{"line":27,"column":71}},{"start":{"line":28,"column":20},"end":{"line":28,"column":29}}]},"2":{"line":30,"type":"binary-expr","locations":[{"start":{"line":30,"column":23},"end":{"line":30,"column":37}},{"start":{"line":31,"column":20},"end":{"line":31,"column":61}},{"start":{"line":32,"column":20},"end":{"line":32,"column":70}},{"start":{"line":33,"column":20},"end":{"line":33,"column":26}}]},"3":{"line":37,"type":"cond-expr","locations":[{"start":{"line":38,"column":14},"end":{"line":38,"column":20}},{"start":{"line":39,"column":14},"end":{"line":39,"column":20}}]},"4":{"line":40,"type":"switch","locations":[{"start":{"line":42,"column":8},"end":{"line":47,"column":18}},{"start":{"line":49,"column":8},"end":{"line":52,"column":18}}]},"5":{"line":44,"type":"binary-expr","locations":[{"start":{"line":44,"column":16},"end":{"line":44,"column":44}},{"start":{"line":44,"column":48},"end":{"line":44,"column":66}}]},"6":{"line":50,"type":"binary-expr","locations":[{"start":{"line":50,"column":21},"end":{"line":50,"column":49}},{"start":{"line":50,"column":53},"end":{"line":50,"column":72}}]},"7":{"line":64,"type":"switch","locations":[{"start":{"line":69,"column":4},"end":{"line":70,"column":14}},{"start":{"line":75,"column":4},"end":{"line":76,"column":14}}]},"8":{"line":85,"type":"switch","locations":[{"start":{"line":90,"column":4},"end":{"line":95,"column":14}},{"start":{"line":101,"column":4},"end":{"line":173,"column":14},"skip":true}]},"9":{"line":92,"type":"binary-expr","locations":[{"start":{"line":92,"column":18},"end":{"line":92,"column":32}},{"start":{"line":93,"column":12},"end":{"line":93,"column":53}},{"start":{"line":94,"column":12},"end":{"line":94,"column":61}}]},"10":{"line":102,"type":"binary-expr","locations":[{"start":{"line":102,"column":45},"end":{"line":102,"column":79},"skip":true},{"start":{"line":102,"column":83},"end":{"line":111,"column":9},"skip":true}]},"11":{"line":113,"type":"binary-expr","locations":[{"start":{"line":113,"column":42},"end":{"line":113,"column":73},"skip":true},{"start":{"line":113,"column":77},"end":{"line":125,"column":9},"skip":true}]},"12":{"line":127,"type":"binary-expr","locations":[{"start":{"line":127,"column":42},"end":{"line":127,"column":73},"skip":true},{"start":{"line":127,"column":77},"end":{"line":136,"column":9},"skip":true}]},"13":{"line":138,"type":"binary-expr","locations":[{"start":{"line":138,"column":45},"end":{"line":138,"column":79},"skip":true},{"start":{"line":138,"column":83},"end":{"line":147,"column":9},"skip":true}]},"14":{"line":149,"type":"binary-expr","locations":[{"start":{"line":149,"column":43},"end":{"line":149,"column":75},"skip":true},{"start":{"line":149,"column":79},"end":{"line":158,"column":9},"skip":true}]},"15":{"line":160,"type":"binary-expr","locations":[{"start":{"line":160,"column":41},"end":{"line":160,"column":71},"skip":true},{"start":{"line":160,"column":75},"end":{"line":169,"column":9},"skip":true}]}},"code":["/* istanbul instrument in package npmtest_angular_cli */","/*jslint","    bitwise: true,","    browser: true,","    maxerr: 8,","    maxlen: 96,","    node: true,","    nomen: true,","    regexp: true,","    stupid: true","*/","(function () {","    'use strict';","    var local;","","","","    // run shared js-env code - pre-init","    (function () {","        // init local","        local = {};","        // init modeJs","        local.modeJs = (function () {","            try {","                return typeof navigator.userAgent === 'string' &&","                    typeof document.querySelector('body') === 'object' &&","                    typeof XMLHttpRequest.prototype.open === 'function' &&","                    'browser';","            } catch (errorCaughtBrowser) {","                return module.exports &&","                    typeof process.versions.node === 'string' &&","                    typeof require('http').createServer === 'function' &&","                    'node';","            }","        }());","        // init global","        local.global = local.modeJs === 'browser'","            ? window","            : global;","        switch (local.modeJs) {","        // re-init local from window.local","        case 'browser':","            local = local.global.utility2.objectSetDefault(","                local.global.utility2_rollup || local.global.local,","                local.global.utility2","            );","            break;","        // re-init local from example.js","        case 'node':","            local = (local.global.utility2_rollup || require('utility2'))","                .requireExampleJsFromReadme();","            break;","        }","        // export local","        local.global.local = local;","    }());","","","","    // run shared js-env code - function","    (function () {","        return;","    }());","    switch (local.modeJs) {","","","","    // run browser js-env code - function","    case 'browser':","        break;","","","","    // run node js-env code - function","    case 'node':","        break;","    }","","","","    // run shared js-env code - post-init","    (function () {","        return;","    }());","    switch (local.modeJs) {","","","","    // run browser js-env code - post-init","    case 'browser':","        // run tests","        local.nop(local.modeTest &&","            document.querySelector('#testRunButton1') &&","            document.querySelector('#testRunButton1').click());","        break;","","","","    // run node js-env code - post-init","    /* istanbul ignore next */","    case 'node':","        local.testCase_buildApidoc_default = local.testCase_buildApidoc_default || function (","            options,","            onError","        ) {","        /*","         * this function will test buildApidoc's default handling-behavior-behavior","         */","            options = { modulePathList: module.paths };","            local.buildApidoc(options, onError);","        };","","        local.testCase_buildApp_default = local.testCase_buildApp_default || function (","            options,","            onError","        ) {","        /*","         * this function will test buildApp's default handling-behavior-behavior","         */","            local.testCase_buildReadme_default(options, local.onErrorThrow);","            local.testCase_buildLib_default(options, local.onErrorThrow);","            local.testCase_buildTest_default(options, local.onErrorThrow);","            options = [];","            local.buildApp(options, onError);","        };","","        local.testCase_buildLib_default = local.testCase_buildLib_default || function (","            options,","            onError","        ) {","        /*","         * this function will test buildLib's default handling-behavior","         */","            options = {};","            local.buildLib(options, onError);","        };","","        local.testCase_buildReadme_default = local.testCase_buildReadme_default || function (","            options,","            onError","        ) {","        /*","         * this function will test buildReadme's default handling-behavior-behavior","         */","            options = {};","            local.buildReadme(options, onError);","        };","","        local.testCase_buildTest_default = local.testCase_buildTest_default || function (","            options,","            onError","        ) {","        /*","         * this function will test buildTest's default handling-behavior","         */","            options = {};","            local.buildTest(options, onError);","        };","","        local.testCase_webpage_default = local.testCase_webpage_default || function (","            options,","            onError","        ) {","        /*","         * this function will test webpage's default handling-behavior","         */","            options = { modeCoverageMerge: true, url: local.serverLocalHost + '?modeTest=1' };","            local.browserTest(options, onError);","        };","","        // run test-server","        local.testRunServer(local);","        break;","    }","}());",""],"l":{"12":2,"14":2,"19":2,"21":2,"23":2,"24":2,"25":2,"30":1,"37":2,"40":2,"43":1,"47":1,"50":1,"52":1,"55":2,"61":2,"62":2,"64":2,"70":1,"76":1,"82":2,"83":2,"85":2,"92":1,"95":1,"102":1,"109":1,"110":1,"113":1,"120":1,"121":1,"122":1,"123":1,"124":1,"127":1,"134":2,"135":2,"138":1,"145":2,"146":2,"149":1,"156":2,"157":2,"160":1,"167":1,"168":1,"172":1,"173":1}},"/home/travis/build/npmtest/node-npmtest-angular-cli/lib.npmtest_angular_cli.js":{"path":"/home/travis/build/npmtest/node-npmtest-angular-cli/lib.npmtest_angular_cli.js","s":{"1":2,"2":2,"3":2,"4":2,"5":2,"6":2,"7":2,"8":1,"9":2,"10":2,"11":2,"12":2,"13":1,"14":1,"15":1,"16":1},"b":{"1":[2,1,1,1],"2":[1,1,1,1],"3":[1,1],"4":[2,2],"5":[1,1]},"f":{"1":2,"2":2,"3":2},"fnMap":{"1":{"name":"(anonymous_1)","line":12,"loc":{"start":{"line":12,"column":1},"end":{"line":12,"column":13}}},"2":{"name":"(anonymous_2)","line":19,"loc":{"start":{"line":19,"column":5},"end":{"line":19,"column":17}}},"3":{"name":"(anonymous_3)","line":23,"loc":{"start":{"line":23,"column":24},"end":{"line":23,"column":36}}}},"statementMap":{"1":{"start":{"line":12,"column":0},"end":{"line":53,"column":5}},"2":{"start":{"line":14,"column":4},"end":{"line":14,"column":14}},"3":{"start":{"line":19,"column":4},"end":{"line":52,"column":9}},"4":{"start":{"line":21,"column":8},"end":{"line":21,"column":19}},"5":{"start":{"line":23,"column":8},"end":{"line":35,"column":13}},"6":{"start":{"line":24,"column":12},"end":{"line":34,"column":13}},"7":{"start":{"line":25,"column":16},"end":{"line":28,"column":30}},"8":{"start":{"line":30,"column":16},"end":{"line":33,"column":27}},"9":{"start":{"line":37,"column":8},"end":{"line":39,"column":21}},"10":{"start":{"line":41,"column":8},"end":{"line":41,"column":54}},"11":{"start":{"line":43,"column":8},"end":{"line":43,"column":56}},"12":{"start":{"line":45,"column":8},"end":{"line":51,"column":9}},"13":{"start":{"line":46,"column":12},"end":{"line":46,"column":62}},"14":{"start":{"line":48,"column":12},"end":{"line":48,"column":35}},"15":{"start":{"line":49,"column":12},"end":{"line":49,"column":49}},"16":{"start":{"line":50,"column":12},"end":{"line":50,"column":43}}},"branchMap":{"1":{"line":25,"type":"binary-expr","locations":[{"start":{"line":25,"column":23},"end":{"line":25,"column":62}},{"start":{"line":26,"column":20},"end":{"line":26,"column":70}},{"start":{"line":27,"column":20},"end":{"line":27,"column":71}},{"start":{"line":28,"column":20},"end":{"line":28,"column":29}}]},"2":{"line":30,"type":"binary-expr","locations":[{"start":{"line":30,"column":23},"end":{"line":30,"column":37}},{"start":{"line":31,"column":20},"end":{"line":31,"column":61}},{"start":{"line":32,"column":20},"end":{"line":32,"column":70}},{"start":{"line":33,"column":20},"end":{"line":33,"column":26}}]},"3":{"line":37,"type":"cond-expr","locations":[{"start":{"line":38,"column":14},"end":{"line":38,"column":20}},{"start":{"line":39,"column":14},"end":{"line":39,"column":20}}]},"4":{"line":41,"type":"binary-expr","locations":[{"start":{"line":41,"column":16},"end":{"line":41,"column":44}},{"start":{"line":41,"column":48},"end":{"line":41,"column":53}}]},"5":{"line":45,"type":"if","locations":[{"start":{"line":45,"column":8},"end":{"line":45,"column":8}},{"start":{"line":45,"column":8},"end":{"line":45,"column":8}}]}},"code":["/* istanbul instrument in package npmtest_angular_cli */","/*jslint","    bitwise: true,","    browser: true,","    maxerr: 8,","    maxlen: 96,","    node: true,","    nomen: true,","    regexp: true,","    stupid: true","*/","(function () {","    'use strict';","    var local;","","","","    // run shared js-env code - pre-init","    (function () {","        // init local","        local = {};","        // init modeJs","        local.modeJs = (function () {","            try {","                return typeof navigator.userAgent === 'string' &&","                    typeof document.querySelector('body') === 'object' &&","                    typeof XMLHttpRequest.prototype.open === 'function' &&","                    'browser';","            } catch (errorCaughtBrowser) {","                return module.exports &&","                    typeof process.versions.node === 'string' &&","                    typeof require('http').createServer === 'function' &&","                    'node';","            }","        }());","        // init global","        local.global = local.modeJs === 'browser'","            ? window","            : global;","        // init utility2_rollup","        local = local.global.utility2_rollup || local;","        // init lib","        local.local = local.npmtest_angular_cli = local;","        // init exports","        if (local.modeJs === 'browser') {","            local.global.utility2_npmtest_angular_cli = local;","        } else {","            module.exports = local;","            module.exports.__dirname = __dirname;","            module.exports.module = module;","        }","    }());","}());",""],"l":{"12":2,"14":2,"19":2,"21":2,"23":2,"24":2,"25":2,"30":1,"37":2,"41":2,"43":2,"45":2,"46":1,"48":1,"49":1,"50":1}},"/home/travis/build/npmtest/node-npmtest-angular-cli/example.js":{"path":"/home/travis/build/npmtest/node-npmtest-angular-cli/example.js","s":{"1":2,"2":2,"3":2,"4":2,"5":2,"6":2,"7":2,"8":1,"9":2,"10":2,"11":2,"12":2,"13":1,"14":2,"15":2,"16":2,"17":2,"18":2,"19":0,"20":2,"21":1,"22":1,"23":1,"24":1,"25":1,"26":0,"27":0,"28":1,"29":1,"30":2,"31":0,"32":0,"33":0,"34":1,"35":2,"36":2,"37":2,"38":2,"39":2,"40":2,"41":0,"42":2,"43":2,"44":2,"45":1,"46":3,"47":1,"48":1,"49":1,"50":1,"51":1,"52":1,"53":1,"54":1,"55":1,"56":1,"57":0,"58":1,"59":6,"60":6,"61":1,"62":2,"63":0,"64":2,"65":1,"66":1,"67":0,"68":0,"69":0,"70":0,"71":0,"72":0,"73":0,"74":0,"75":0,"76":0,"77":0,"78":0,"79":0,"80":0,"81":0,"82":0,"83":0},"b":{"1":[2,1,1,1],"2":[1,1,1,1],"3":[1,1],"4":[2,2],"5":[1,1],"6":[1,1],"7":[2,0],"8":[2,1,1,1,1,1],"9":[0,2,0],"10":[1,1],"11":[2,1,1],"12":[1,0],"13":[0,2],"14":[2,0,0,0,0,0,0],"15":[0,2],"16":[2,0],"17":[1,1],"18":[0,1],"19":[1,2,0,2],"20":[1,0],"21":[1,1],"22":[0,0],"23":[0,0],"24":[0,0],"25":[0,0],"26":[0,0],"27":[0,0],"28":[0,0]},"f":{"1":2,"2":2,"3":2,"4":2,"5":2,"6":2,"7":2,"8":2,"9":3,"10":1,"11":6,"12":0},"fnMap":{"1":{"name":"(anonymous_1)","line":26,"loc":{"start":{"line":26,"column":1},"end":{"line":26,"column":13}}},"2":{"name":"(anonymous_2)","line":33,"loc":{"start":{"line":33,"column":5},"end":{"line":33,"column":17}}},"3":{"name":"(anonymous_3)","line":37,"loc":{"start":{"line":37,"column":24},"end":{"line":37,"column":36}}},"4":{"name":"(anonymous_4)","line":69,"loc":{"start":{"line":69,"column":31},"end":{"line":69,"column":48}},"skip":true},"5":{"name":"(anonymous_5)","line":78,"loc":{"start":{"line":78,"column":26},"end":{"line":78,"column":45}},"skip":true},"6":{"name":"(anonymous_6)","line":123,"loc":{"start":{"line":123,"column":33},"end":{"line":123,"column":48}},"skip":true},"7":{"name":"(anonymous_7)","line":125,"loc":{"start":{"line":125,"column":27},"end":{"line":125,"column":39}},"skip":true},"8":{"name":"(anonymous_8)","line":133,"loc":{"start":{"line":133,"column":59},"end":{"line":133,"column":74}},"skip":true},"9":{"name":"(anonymous_9)","line":143,"loc":{"start":{"line":143,"column":45},"end":{"line":143,"column":62}},"skip":true},"10":{"name":"(anonymous_10)","line":144,"loc":{"start":{"line":144,"column":73},"end":{"line":144,"column":92}},"skip":true},"11":{"name":"(anonymous_11)","line":272,"loc":{"start":{"line":272,"column":51},"end":{"line":272,"column":77}},"skip":true},"12":{"name":"(anonymous_12)","line":314,"loc":{"start":{"line":314,"column":32},"end":{"line":314,"column":61}},"skip":true}},"statementMap":{"1":{"start":{"line":26,"column":0},"end":{"line":325,"column":5}},"2":{"start":{"line":28,"column":4},"end":{"line":28,"column":14}},"3":{"start":{"line":33,"column":4},"end":{"line":60,"column":9}},"4":{"start":{"line":35,"column":8},"end":{"line":35,"column":19}},"5":{"start":{"line":37,"column":8},"end":{"line":49,"column":13}},"6":{"start":{"line":38,"column":12},"end":{"line":48,"column":13}},"7":{"start":{"line":39,"column":16},"end":{"line":42,"column":30}},"8":{"start":{"line":44,"column":16},"end":{"line":47,"column":27}},"9":{"start":{"line":51,"column":8},"end":{"line":53,"column":21}},"10":{"start":{"line":55,"column":8},"end":{"line":57,"column":45}},"11":{"start":{"line":59,"column":8},"end":{"line":59,"column":35}},"12":{"start":{"line":61,"column":4},"end":{"line":324,"column":5}},"13":{"start":{"line":69,"column":8},"end":{"line":121,"column":10},"skip":true},"14":{"start":{"line":70,"column":12},"end":{"line":88,"column":13},"skip":true},"15":{"start":{"line":76,"column":16},"end":{"line":87,"column":19},"skip":true},"16":{"start":{"line":79,"column":20},"end":{"line":86,"column":21},"skip":true},"17":{"start":{"line":82,"column":24},"end":{"line":82,"column":43},"skip":true},"18":{"start":{"line":83,"column":24},"end":{"line":83,"column":30},"skip":true},"19":{"start":{"line":85,"column":24},"end":{"line":85,"column":49},"skip":true},"20":{"start":{"line":89,"column":12},"end":{"line":107,"column":13},"skip":true},"21":{"start":{"line":92,"column":16},"end":{"line":102,"column":17},"skip":true},"22":{"start":{"line":93,"column":20},"end":{"line":93,"column":86},"skip":true},"23":{"start":{"line":94,"column":20},"end":{"line":95,"column":45},"skip":true},"24":{"start":{"line":96,"column":20},"end":{"line":96,"column":42},"skip":true},"25":{"start":{"line":97,"column":20},"end":{"line":97,"column":48},"skip":true},"26":{"start":{"line":100,"column":20},"end":{"line":100,"column":85},"skip":true},"27":{"start":{"line":101,"column":20},"end":{"line":101,"column":96},"skip":true},"28":{"start":{"line":103,"column":16},"end":{"line":103,"column":22},"skip":true},"29":{"start":{"line":106,"column":16},"end":{"line":106,"column":22},"skip":true},"30":{"start":{"line":108,"column":12},"end":{"line":120,"column":13},"skip":true},"31":{"start":{"line":114,"column":16},"end":{"line":119,"column":17},"skip":true},"32":{"start":{"line":116,"column":20},"end":{"line":116,"column":78},"skip":true},"33":{"start":{"line":118,"column":20},"end":{"line":118,"column":53},"skip":true},"34":{"start":{"line":123,"column":8},"end":{"line":141,"column":11},"skip":true},"35":{"start":{"line":124,"column":12},"end":{"line":124,"column":54},"skip":true},"36":{"start":{"line":125,"column":12},"end":{"line":140,"column":14},"skip":true},"37":{"start":{"line":126,"column":16},"end":{"line":126,"column":28},"skip":true},"38":{"start":{"line":127,"column":16},"end":{"line":127,"column":69},"skip":true},"39":{"start":{"line":128,"column":16},"end":{"line":128,"column":75},"skip":true},"40":{"start":{"line":129,"column":16},"end":{"line":131,"column":17},"skip":true},"41":{"start":{"line":130,"column":20},"end":{"line":130,"column":27},"skip":true},"42":{"start":{"line":133,"column":16},"end":{"line":137,"column":36},"skip":true},"43":{"start":{"line":134,"column":20},"end":{"line":136,"column":55},"skip":true},"44":{"start":{"line":139,"column":16},"end":{"line":139,"column":57},"skip":true},"45":{"start":{"line":143,"column":8},"end":{"line":147,"column":11},"skip":true},"46":{"start":{"line":144,"column":12},"end":{"line":146,"column":15},"skip":true},"47":{"start":{"line":145,"column":16},"end":{"line":145,"column":70},"skip":true},"48":{"start":{"line":149,"column":8},"end":{"line":149,"column":31},"skip":true},"49":{"start":{"line":150,"column":8},"end":{"line":150,"column":14},"skip":true},"50":{"start":{"line":158,"column":8},"end":{"line":158,"column":31},"skip":true},"51":{"start":{"line":160,"column":8},"end":{"line":160,"column":33},"skip":true},"52":{"start":{"line":161,"column":8},"end":{"line":161,"column":37},"skip":true},"53":{"start":{"line":162,"column":8},"end":{"line":162,"column":35},"skip":true},"54":{"start":{"line":164,"column":8},"end":{"line":164,"column":50},"skip":true},"55":{"start":{"line":166,"column":8},"end":{"line":256,"column":2},"skip":true},"56":{"start":{"line":258,"column":8},"end":{"line":286,"column":9},"skip":true},"57":{"start":{"line":259,"column":12},"end":{"line":269,"column":14},"skip":true},"58":{"start":{"line":271,"column":12},"end":{"line":285,"column":19},"skip":true},"59":{"start":{"line":274,"column":20},"end":{"line":274,"column":35},"skip":true},"60":{"start":{"line":275,"column":20},"end":{"line":284,"column":21},"skip":true},"61":{"start":{"line":277,"column":24},"end":{"line":277,"column":64},"skip":true},"62":{"start":{"line":279,"column":24},"end":{"line":279,"column":40},"skip":true},"63":{"start":{"line":281,"column":24},"end":{"line":281,"column":40},"skip":true},"64":{"start":{"line":283,"column":24},"end":{"line":283,"column":39},"skip":true},"65":{"start":{"line":288,"column":8},"end":{"line":290,"column":9},"skip":true},"66":{"start":{"line":289,"column":12},"end":{"line":289,"column":18},"skip":true},"67":{"start":{"line":291,"column":8},"end":{"line":293,"column":54},"skip":true},"68":{"start":{"line":294,"column":8},"end":{"line":301,"column":37},"skip":true},"69":{"start":{"line":302,"column":8},"end":{"line":302,"column":82},"skip":true},"70":{"start":{"line":305,"column":8},"end":{"line":307,"column":9},"skip":true},"71":{"start":{"line":306,"column":12},"end":{"line":306,"column":82},"skip":true},"72":{"start":{"line":309,"column":8},"end":{"line":311,"column":9},"skip":true},"73":{"start":{"line":310,"column":12},"end":{"line":310,"column":18},"skip":true},"74":{"start":{"line":312,"column":8},"end":{"line":312,"column":54},"skip":true},"75":{"start":{"line":313,"column":8},"end":{"line":313,"column":69},"skip":true},"76":{"start":{"line":314,"column":8},"end":{"line":322,"column":36},"skip":true},"77":{"start":{"line":315,"column":12},"end":{"line":315,"column":61},"skip":true},"78":{"start":{"line":316,"column":12},"end":{"line":319,"column":13},"skip":true},"79":{"start":{"line":317,"column":16},"end":{"line":317,"column":75},"skip":true},"80":{"start":{"line":318,"column":16},"end":{"line":318,"column":23},"skip":true},"81":{"start":{"line":320,"column":12},"end":{"line":320,"column":38},"skip":true},"82":{"start":{"line":321,"column":12},"end":{"line":321,"column":27},"skip":true},"83":{"start":{"line":323,"column":8},"end":{"line":323,"column":14},"skip":true}},"branchMap":{"1":{"line":39,"type":"binary-expr","locations":[{"start":{"line":39,"column":23},"end":{"line":39,"column":62}},{"start":{"line":40,"column":20},"end":{"line":40,"column":70}},{"start":{"line":41,"column":20},"end":{"line":41,"column":71}},{"start":{"line":42,"column":20},"end":{"line":42,"column":29}}]},"2":{"line":44,"type":"binary-expr","locations":[{"start":{"line":44,"column":23},"end":{"line":44,"column":37}},{"start":{"line":45,"column":20},"end":{"line":45,"column":61}},{"start":{"line":46,"column":20},"end":{"line":46,"column":70}},{"start":{"line":47,"column":20},"end":{"line":47,"column":26}}]},"3":{"line":51,"type":"cond-expr","locations":[{"start":{"line":52,"column":14},"end":{"line":52,"column":20}},{"start":{"line":53,"column":14},"end":{"line":53,"column":20}}]},"4":{"line":55,"type":"binary-expr","locations":[{"start":{"line":55,"column":16},"end":{"line":55,"column":44}},{"start":{"line":55,"column":49},"end":{"line":57,"column":43}}]},"5":{"line":55,"type":"cond-expr","locations":[{"start":{"line":56,"column":14},"end":{"line":56,"column":55}},{"start":{"line":57,"column":14},"end":{"line":57,"column":43}}]},"6":{"line":61,"type":"switch","locations":[{"start":{"line":68,"column":4},"end":{"line":150,"column":14},"skip":true},{"start":{"line":156,"column":4},"end":{"line":323,"column":14},"skip":true}]},"7":{"line":70,"type":"if","locations":[{"start":{"line":70,"column":12},"end":{"line":70,"column":12},"skip":true},{"start":{"line":70,"column":12},"end":{"line":70,"column":12},"skip":true}]},"8":{"line":70,"type":"binary-expr","locations":[{"start":{"line":70,"column":16},"end":{"line":70,"column":22},"skip":true},{"start":{"line":70,"column":27},"end":{"line":70,"column":32},"skip":true},{"start":{"line":71,"column":20},"end":{"line":71,"column":39},"skip":true},{"start":{"line":72,"column":20},"end":{"line":72,"column":49},"skip":true},{"start":{"line":73,"column":20},"end":{"line":73,"column":58},"skip":true},{"start":{"line":74,"column":20},"end":{"line":74,"column":69},"skip":true}]},"9":{"line":79,"type":"switch","locations":[{"start":{"line":80,"column":20},"end":{"line":80,"column":33},"skip":true},{"start":{"line":81,"column":20},"end":{"line":83,"column":30},"skip":true},{"start":{"line":84,"column":20},"end":{"line":85,"column":49},"skip":true}]},"10":{"line":89,"type":"switch","locations":[{"start":{"line":90,"column":12},"end":{"line":103,"column":22},"skip":true},{"start":{"line":105,"column":12},"end":{"line":106,"column":22},"skip":true}]},"11":{"line":89,"type":"binary-expr","locations":[{"start":{"line":89,"column":20},"end":{"line":89,"column":25},"skip":true},{"start":{"line":89,"column":29},"end":{"line":89,"column":48},"skip":true},{"start":{"line":89,"column":52},"end":{"line":89,"column":74},"skip":true}]},"12":{"line":92,"type":"if","locations":[{"start":{"line":92,"column":16},"end":{"line":92,"column":16},"skip":true},{"start":{"line":92,"column":16},"end":{"line":92,"column":16},"skip":true}]},"13":{"line":108,"type":"if","locations":[{"start":{"line":108,"column":12},"end":{"line":108,"column":12},"skip":true},{"start":{"line":108,"column":12},"end":{"line":108,"column":12},"skip":true}]},"14":{"line":108,"type":"binary-expr","locations":[{"start":{"line":108,"column":16},"end":{"line":108,"column":61},"skip":true},{"start":{"line":108,"column":66},"end":{"line":108,"column":72},"skip":true},{"start":{"line":108,"column":77},"end":{"line":108,"column":82},"skip":true},{"start":{"line":109,"column":20},"end":{"line":109,"column":39},"skip":true},{"start":{"line":110,"column":20},"end":{"line":110,"column":49},"skip":true},{"start":{"line":111,"column":20},"end":{"line":111,"column":58},"skip":true},{"start":{"line":112,"column":20},"end":{"line":112,"column":68},"skip":true}]},"15":{"line":129,"type":"if","locations":[{"start":{"line":129,"column":16},"end":{"line":129,"column":16},"skip":true},{"start":{"line":129,"column":16},"end":{"line":129,"column":16},"skip":true}]},"16":{"line":134,"type":"cond-expr","locations":[{"start":{"line":135,"column":26},"end":{"line":135,"column":29},"skip":true},{"start":{"line":136,"column":26},"end":{"line":136,"column":54},"skip":true}]},"17":{"line":164,"type":"binary-expr","locations":[{"start":{"line":164,"column":27},"end":{"line":164,"column":43},"skip":true},{"start":{"line":164,"column":47},"end":{"line":164,"column":49},"skip":true}]},"18":{"line":258,"type":"if","locations":[{"start":{"line":258,"column":8},"end":{"line":258,"column":8},"skip":true},{"start":{"line":258,"column":8},"end":{"line":258,"column":8},"skip":true}]},"19":{"line":275,"type":"switch","locations":[{"start":{"line":276,"column":20},"end":{"line":277,"column":64},"skip":true},{"start":{"line":278,"column":20},"end":{"line":279,"column":40},"skip":true},{"start":{"line":280,"column":20},"end":{"line":281,"column":40},"skip":true},{"start":{"line":282,"column":20},"end":{"line":283,"column":39},"skip":true}]},"20":{"line":288,"type":"if","locations":[{"start":{"line":288,"column":8},"end":{"line":288,"column":8},"skip":true},{"start":{"line":288,"column":8},"end":{"line":288,"column":8},"skip":true}]},"21":{"line":288,"type":"binary-expr","locations":[{"start":{"line":288,"column":12},"end":{"line":288,"column":40},"skip":true},{"start":{"line":288,"column":44},"end":{"line":288,"column":67},"skip":true}]},"22":{"line":292,"type":"binary-expr","locations":[{"start":{"line":292,"column":12},"end":{"line":292,"column":50},"skip":true},{"start":{"line":293,"column":12},"end":{"line":293,"column":53},"skip":true}]},"23":{"line":295,"type":"binary-expr","locations":[{"start":{"line":295,"column":12},"end":{"line":295,"column":69},"skip":true},{"start":{"line":296,"column":12},"end":{"line":301,"column":36},"skip":true}]},"24":{"line":302,"type":"binary-expr","locations":[{"start":{"line":302,"column":43},"end":{"line":302,"column":75},"skip":true},{"start":{"line":302,"column":79},"end":{"line":302,"column":81},"skip":true}]},"25":{"line":305,"type":"if","locations":[{"start":{"line":305,"column":8},"end":{"line":305,"column":8},"skip":true},{"start":{"line":305,"column":8},"end":{"line":305,"column":8},"skip":true}]},"26":{"line":309,"type":"if","locations":[{"start":{"line":309,"column":8},"end":{"line":309,"column":8},"skip":true},{"start":{"line":309,"column":8},"end":{"line":309,"column":8},"skip":true}]},"27":{"line":312,"type":"binary-expr","locations":[{"start":{"line":312,"column":27},"end":{"line":312,"column":43},"skip":true},{"start":{"line":312,"column":47},"end":{"line":312,"column":53},"skip":true}]},"28":{"line":316,"type":"if","locations":[{"start":{"line":316,"column":12},"end":{"line":316,"column":12},"skip":true},{"start":{"line":316,"column":12},"end":{"line":316,"column":12},"skip":true}]}},"code":["/*","example.js","","quickstart example","","instruction","    1. save this script as example.js","    2. run the shell command:","        $ npm install npmtest-angular-cli && PORT=8081 node example.js","    3. play with the browser-demo on http://127.0.0.1:8081","*/","","","","/* istanbul instrument in package npmtest_angular_cli */","/*jslint","    bitwise: true,","    browser: true,","    maxerr: 8,","    maxlen: 96,","    node: true,","    nomen: true,","    regexp: true,","    stupid: true","*/","(function () {","    'use strict';","    var local;","","","","    // run shared js-env code - pre-init","    (function () {","        // init local","        local = {};","        // init modeJs","        local.modeJs = (function () {","            try {","                return typeof navigator.userAgent === 'string' &&","                    typeof document.querySelector('body') === 'object' &&","                    typeof XMLHttpRequest.prototype.open === 'function' &&","                    'browser';","            } catch (errorCaughtBrowser) {","                return module.exports &&","                    typeof process.versions.node === 'string' &&","                    typeof require('http').createServer === 'function' &&","                    'node';","            }","        }());","        // init global","        local.global = local.modeJs === 'browser'","            ? window","            : global;","        // init utility2_rollup","        local = local.global.utility2_rollup || (local.modeJs === 'browser'","            ? local.global.utility2_npmtest_angular_cli","            : global.utility2_moduleExports);","        // export local","        local.global.local = local;","    }());","    switch (local.modeJs) {","","","","    // post-init","    // run browser js-env code - post-init","    /* istanbul ignore next */","    case 'browser':","        local.testRunBrowser = function (event) {","            if (!event || (event &&","                    event.currentTarget &&","                    event.currentTarget.className &&","                    event.currentTarget.className.includes &&","                    event.currentTarget.className.includes('onreset'))) {","                // reset output","                Array.from(","                    document.querySelectorAll('body > .resettable')","                ).forEach(function (element) {","                    switch (element.tagName) {","                    case 'INPUT':","                    case 'TEXTAREA':","                        element.value = '';","                        break;","                    default:","                        element.textContent = '';","                    }","                });","            }","            switch (event && event.currentTarget && event.currentTarget.id) {","            case 'testRunButton1':","                // show tests","                if (document.querySelector('#testReportDiv1').style.display === 'none') {","                    document.querySelector('#testReportDiv1').style.display = 'block';","                    document.querySelector('#testRunButton1').textContent =","                        'hide internal test';","                    local.modeTest = true;","                    local.testRunDefault(local);","                // hide tests","                } else {","                    document.querySelector('#testReportDiv1').style.display = 'none';","                    document.querySelector('#testRunButton1').textContent = 'run internal test';","                }","                break;","            // custom-case","            default:","                break;","            }","            if (document.querySelector('#inputTextareaEval1') && (!event || (event &&","                    event.currentTarget &&","                    event.currentTarget.className &&","                    event.currentTarget.className.includes &&","                    event.currentTarget.className.includes('oneval')))) {","                // try to eval input-code","                try {","                    /*jslint evil: true*/","                    eval(document.querySelector('#inputTextareaEval1').value);","                } catch (errorCaught) {","                    console.error(errorCaught.stack);","                }","            }","        };","        // log stderr and stdout to #outputTextareaStdout1","        ['error', 'log'].forEach(function (key) {","            console[key + '_original'] = console[key];","            console[key] = function () {","                var element;","                console[key + '_original'].apply(console, arguments);","                element = document.querySelector('#outputTextareaStdout1');","                if (!element) {","                    return;","                }","                // append text to #outputTextareaStdout1","                element.value += Array.from(arguments).map(function (arg) {","                    return typeof arg === 'string'","                        ? arg","                        : JSON.stringify(arg, null, 4);","                }).join(' ') + '\\n';","                // scroll textarea to bottom","                element.scrollTop = element.scrollHeight;","            };","        });","        // init event-handling","        ['change', 'click', 'keyup'].forEach(function (event) {","            Array.from(document.querySelectorAll('.on' + event)).forEach(function (element) {","                element.addEventListener(event, local.testRunBrowser);","            });","        });","        // run tests","        local.testRunBrowser();","        break;","","","","    // run node js-env code - post-init","    /* istanbul ignore next */","    case 'node':","        // export local","        module.exports = local;","        // require modules","        local.fs = require('fs');","        local.http = require('http');","        local.url = require('url');","        // init assets","        local.assetsDict = local.assetsDict || {};","        /* jslint-ignore-begin */","        local.assetsDict['/assets.index.template.html'] = '\\","<!doctype html>\\n\\","<html lang=\"en\">\\n\\","<head>\\n\\","<meta charset=\"UTF-8\">\\n\\","<meta name=\"viewport\" content=\"width=device-width, initial-scale=1\">\\n\\","<title>{{env.npm_package_name}} (v{{env.npm_package_version}})</title>\\n\\","<style>\\n\\","/*csslint\\n\\","    box-sizing: false,\\n\\","    universal-selector: false\\n\\","*/\\n\\","* {\\n\\","    box-sizing: border-box;\\n\\","}\\n\\","body {\\n\\","    background: #dde;\\n\\","    font-family: Arial, Helvetica, sans-serif;\\n\\","    margin: 2rem;\\n\\","}\\n\\","body > * {\\n\\","    margin-bottom: 1rem;\\n\\","}\\n\\",".utility2FooterDiv {\\n\\","    margin-top: 20px;\\n\\","    text-align: center;\\n\\","}\\n\\","</style>\\n\\","<style>\\n\\","/*csslint\\n\\","*/\\n\\","textarea {\\n\\","    font-family: monospace;\\n\\","    height: 10rem;\\n\\","    width: 100%;\\n\\","}\\n\\","textarea[readonly] {\\n\\","    background: #ddd;\\n\\","}\\n\\","</style>\\n\\","</head>\\n\\","<body>\\n\\","<!-- utility2-comment\\n\\","<div id=\"ajaxProgressDiv1\" style=\"background: #d00; height: 2px; left: 0; margin: 0; padding: 0; position: fixed; top: 0; transition: background 0.5s, width 1.5s; width: 25%;\"></div>\\n\\","utility2-comment -->\\n\\","<h1>\\n\\","<!-- utility2-comment\\n\\","    <a\\n\\","        {{#if env.npm_package_homepage}}\\n\\","        href=\"{{env.npm_package_homepage}}\"\\n\\","        {{/if env.npm_package_homepage}}\\n\\","        target=\"_blank\"\\n\\","    >\\n\\","utility2-comment -->\\n\\","        {{env.npm_package_name}} (v{{env.npm_package_version}})\\n\\","<!-- utility2-comment\\n\\","    </a>\\n\\","utility2-comment -->\\n\\","</h1>\\n\\","<h3>{{env.npm_package_description}}</h3>\\n\\","<!-- utility2-comment\\n\\","<h4><a download href=\"assets.app.js\">download standalone app</a></h4>\\n\\","<button class=\"onclick onreset\" id=\"testRunButton1\">run internal test</button><br>\\n\\","<div id=\"testReportDiv1\" style=\"display: none;\"></div>\\n\\","utility2-comment -->\\n\\","\\n\\","\\n\\","\\n\\","<label>stderr and stdout</label>\\n\\","<textarea class=\"resettable\" id=\"outputTextareaStdout1\" readonly></textarea>\\n\\","<!-- utility2-comment\\n\\","{{#if isRollup}}\\n\\","<script src=\"assets.app.js\"></script>\\n\\","{{#unless isRollup}}\\n\\","utility2-comment -->\\n\\","<script src=\"assets.utility2.rollup.js\"></script>\\n\\","<script src=\"jsonp.utility2._stateInit?callback=window.utility2._stateInit\"></script>\\n\\","<script src=\"assets.npmtest_angular_cli.rollup.js\"></script>\\n\\","<script src=\"assets.example.js\"></script>\\n\\","<script src=\"assets.test.js\"></script>\\n\\","<!-- utility2-comment\\n\\","{{/if isRollup}}\\n\\","utility2-comment -->\\n\\","<div class=\"utility2FooterDiv\">\\n\\","    [ this app was created with\\n\\","    <a href=\"https://github.com/kaizhu256/node-utility2\" target=\"_blank\">utility2</a>\\n\\","    ]\\n\\","</div>\\n\\","</body>\\n\\","</html>\\n\\","';","        /* jslint-ignore-end */","        if (local.templateRender) {","            local.assetsDict['/'] = local.templateRender(","                local.assetsDict['/assets.index.template.html'],","                {","                    env: local.objectSetDefault(local.env, {","                        npm_package_description: 'the greatest app in the world!',","                        npm_package_name: 'my-app',","                        npm_package_nameAlias: 'my_app',","                        npm_package_version: '0.0.1'","                    })","                }","            );","        } else {","            local.assetsDict['/'] = local.assetsDict['/assets.index.template.html']","                .replace((/\\{\\{env\\.(\\w+?)\\}\\}/g), function (match0, match1) {","                    // jslint-hack","                    String(match0);","                    switch (match1) {","                    case 'npm_package_description':","                        return 'the greatest app in the world!';","                    case 'npm_package_name':","                        return 'my-app';","                    case 'npm_package_nameAlias':","                        return 'my_app';","                    case 'npm_package_version':","                        return '0.0.1';","                    }","                });","        }","        // run the cli","        if (local.global.utility2_rollup || module !== require.main) {","            break;","        }","        local.assetsDict['/assets.example.js'] =","            local.assetsDict['/assets.example.js'] ||","            local.fs.readFileSync(__filename, 'utf8');","        local.assetsDict['/assets.npmtest_angular_cli.rollup.js'] =","            local.assetsDict['/assets.npmtest_angular_cli.rollup.js'] ||","            local.fs.readFileSync(","                // buildCustomOrg-hack","                local.npmtest_angular_cli.__dirname +","                    '/lib.npmtest_angular_cli.js',","                'utf8'","            ).replace((/^#!/), '//');","        local.assetsDict['/favicon.ico'] = local.assetsDict['/favicon.ico'] || '';","        // if $npm_config_timeout_exit exists,","        // then exit this process after $npm_config_timeout_exit ms","        if (Number(process.env.npm_config_timeout_exit)) {","            setTimeout(process.exit, Number(process.env.npm_config_timeout_exit));","        }","        // start server","        if (local.global.utility2_serverHttp1) {","            break;","        }","        process.env.PORT = process.env.PORT || '8081';","        console.error('server starting on port ' + process.env.PORT);","        local.http.createServer(function (request, response) {","            request.urlParsed = local.url.parse(request.url);","            if (local.assetsDict[request.urlParsed.pathname] !== undefined) {","                response.end(local.assetsDict[request.urlParsed.pathname]);","                return;","            }","            response.statusCode = 404;","            response.end();","        }).listen(process.env.PORT);","        break;","    }","}());",""],"l":{"26":2,"28":2,"33":2,"35":2,"37":2,"38":2,"39":2,"44":1,"51":2,"55":2,"59":2,"61":2,"69":1,"70":2,"76":2,"79":2,"82":2,"83":2,"85":1,"89":2,"92":1,"93":1,"94":1,"96":1,"97":1,"100":1,"101":1,"103":1,"106":1,"108":2,"114":1,"116":1,"118":1,"123":1,"124":2,"125":2,"126":2,"127":2,"128":2,"129":2,"130":1,"133":2,"134":2,"139":2,"143":1,"144":3,"145":1,"149":1,"150":1,"158":1,"160":1,"161":1,"162":1,"164":1,"166":1,"258":1,"259":1,"271":1,"274":6,"275":6,"277":1,"279":2,"281":1,"283":2,"288":1,"289":1,"291":1,"294":1,"302":1,"305":1,"306":1,"309":1,"310":1,"312":1,"313":1,"314":1,"315":1,"316":1,"317":1,"318":1,"320":1,"321":1,"323":1}},"/home/travis/build/npmtest/node-npmtest-angular-cli/angular-cli/lib/cli/index.js":{"path":"/home/travis/build/npmtest/node-npmtest-angular-cli/angular-cli/lib/cli/index.js","s":{"1":1,"2":1,"3":1,"4":1,"5":1,"6":1,"7":0,"8":0,"9":0,"10":0,"11":0,"12":0,"13":0,"14":0,"15":0},"b":{"1":[0,0],"2":[0,0],"3":[0,0]},"f":{"1":0,"2":0,"3":0},"fnMap":{"1":{"name":"(anonymous_1)","line":16,"loc":{"start":{"line":16,"column":17},"end":{"line":16,"column":35}}},"2":{"name":"(anonymous_2)","line":19,"loc":{"start":{"line":19,"column":31},"end":{"line":19,"column":43}}},"3":{"name":"(anonymous_3)","line":22,"loc":{"start":{"line":22,"column":26},"end":{"line":22,"column":48}}}},"statementMap":{"1":{"start":{"line":9,"column":0},"end":{"line":9,"column":47}},"2":{"start":{"line":10,"column":0},"end":{"line":10,"column":45}},"3":{"start":{"line":11,"column":0},"end":{"line":11,"column":62}},"4":{"start":{"line":12,"column":0},"end":{"line":12,"column":29}},"5":{"start":{"line":14,"column":0},"end":{"line":14,"column":33}},"6":{"start":{"line":16,"column":0},"end":{"line":39,"column":2}},"7":{"start":{"line":19,"column":2},"end":{"line":19,"column":46}},"8":{"start":{"line":22,"column":2},"end":{"line":26,"column":3}},"9":{"start":{"line":23,"column":4},"end":{"line":23,"column":33}},"10":{"start":{"line":24,"column":4},"end":{"line":24,"column":29}},"11":{"start":{"line":25,"column":4},"end":{"line":25,"column":36}},"12":{"start":{"line":28,"column":2},"end":{"line":32,"column":4}},"13":{"start":{"line":35,"column":2},"end":{"line":35,"column":69}},"14":{"start":{"line":36,"column":2},"end":{"line":36,"column":85}},"15":{"start":{"line":38,"column":2},"end":{"line":38,"column":22}}},"branchMap":{"1":{"line":23,"type":"binary-expr","locations":[{"start":{"line":23,"column":18},"end":{"line":23,"column":26}},{"start":{"line":23,"column":30},"end":{"line":23,"column":32}}]},"2":{"line":35,"type":"binary-expr","locations":[{"start":{"line":35,"column":35},"end":{"line":35,"column":50}},{"start":{"line":35,"column":54},"end":{"line":35,"column":67}}]},"3":{"line":36,"type":"binary-expr","locations":[{"start":{"line":36,"column":25},"end":{"line":36,"column":45}},{"start":{"line":36,"column":49},"end":{"line":36,"column":84}}]}},"code":["/*eslint-disable no-console */","","// Prevent the dependency validation from tripping because we don't import zone.js. We need","// it as a peer dependency of @angular/core.","// require('zone.js')","","","// This file hooks up on require calls to transpile TypeScript.","const cli = require('../../ember-cli/lib/cli');","const UI = require('../../ember-cli/lib/ui');","const Watcher = require('../../ember-cli/lib/models/watcher');","const path = require('path');","","Error.stackTraceLimit = Infinity;","","module.exports = function(options) {","","  // patch UI to not print Ember-CLI warnings (which don't apply to Angular-CLI)","  UI.prototype.writeWarnLine = function () { }","","  // patch Watcher to always default to node, not checking for Watchman","  Watcher.detectWatcher = function(ui, _options){","    var options = _options || {};","    options.watcher = 'node';","    return Promise.resolve(options);","  }","","  options.cli = {","    name: 'ng',","    root: path.join(__dirname, '..', '..'),","    npmPackage: 'angular-cli'","  };","","  // ensure the environemnt variable for dynamic paths","  process.env.PWD = path.normalize(process.env.PWD || process.cwd());","  process.env.CLI_ROOT = process.env.CLI_ROOT || path.resolve(__dirname, '..', '..');","","  return cli(options);","};",""],"l":{"9":1,"10":1,"11":1,"12":1,"14":1,"16":1,"19":0,"22":0,"23":0,"24":0,"25":0,"28":0,"35":0,"36":0,"38":0}},"/home/travis/build/npmtest/node-npmtest-angular-cli/angular-cli/ember-cli/lib/cli/index.js":{"path":"/home/travis/build/npmtest/node-npmtest-angular-cli/angular-cli/ember-cli/lib/cli/index.js","s":{"1":1,"2":1,"3":1,"4":1,"5":1,"6":1,"7":1,"8":0,"9":0,"10":0,"11":0,"12":0,"13":0,"14":0},"b":{"1":[0,0],"2":[0,0],"3":[0,0],"4":[0,0],"5":[0,0],"6":[0,0],"7":[0,0],"8":[0,0]},"f":{"1":0},"fnMap":{"1":{"name":"(anonymous_1)","line":13,"loc":{"start":{"line":13,"column":17},"end":{"line":13,"column":35}}}},"statementMap":{"1":{"start":{"line":2,"column":0},"end":{"line":2,"column":36}},"2":{"start":{"line":5,"column":0},"end":{"line":5,"column":49}},"3":{"start":{"line":6,"column":0},"end":{"line":6,"column":43}},"4":{"start":{"line":7,"column":0},"end":{"line":7,"column":40}},"5":{"start":{"line":8,"column":0},"end":{"line":8,"column":37}},"6":{"start":{"line":9,"column":0},"end":{"line":9,"column":60}},"7":{"start":{"line":13,"column":0},"end":{"line":51,"column":2}},"8":{"start":{"line":14,"column":2},"end":{"line":14,"column":42}},"9":{"start":{"line":17,"column":2},"end":{"line":24,"column":5}},"10":{"start":{"line":27,"column":2},"end":{"line":29,"column":4}},"11":{"start":{"line":31,"column":2},"end":{"line":38,"column":5}},"12":{"start":{"line":40,"column":2},"end":{"line":40,"column":54}},"13":{"start":{"line":42,"column":2},"end":{"line":48,"column":4}},"14":{"start":{"line":50,"column":2},"end":{"line":50,"column":30}}},"branchMap":{"1":{"line":14,"type":"binary-expr","locations":[{"start":{"line":14,"column":11},"end":{"line":14,"column":21}},{"start":{"line":14,"column":25},"end":{"line":14,"column":41}}]},"2":{"line":20,"type":"binary-expr","locations":[{"start":{"line":20,"column":18},"end":{"line":20,"column":37}},{"start":{"line":20,"column":41},"end":{"line":20,"column":55}}]},"3":{"line":21,"type":"binary-expr","locations":[{"start":{"line":21,"column":18},"end":{"line":21,"column":34}},{"start":{"line":21,"column":38},"end":{"line":21,"column":40}}]},"4":{"line":22,"type":"binary-expr","locations":[{"start":{"line":22,"column":18},"end":{"line":22,"column":32}},{"start":{"line":22,"column":36},"end":{"line":22,"column":75}}]},"5":{"line":23,"type":"cond-expr","locations":[{"start":{"line":23,"column":54},"end":{"line":23,"column":61}},{"start":{"line":23,"column":64},"end":{"line":23,"column":73}}]},"6":{"line":34,"type":"cond-expr","locations":[{"start":{"line":34,"column":24},"end":{"line":34,"column":40}},{"start":{"line":34,"column":43},"end":{"line":34,"column":50}}]},"7":{"line":36,"type":"cond-expr","locations":[{"start":{"line":36,"column":24},"end":{"line":36,"column":40}},{"start":{"line":36,"column":43},"end":{"line":36,"column":78}}]},"8":{"line":37,"type":"cond-expr","locations":[{"start":{"line":37,"column":30},"end":{"line":37,"column":52}},{"start":{"line":37,"column":55},"end":{"line":37,"column":66}}]}},"code":["'use strict';","var path          = require('path');","","// Main entry point","var Project       = require('../models/project');","var commands      = require('../commands');","var tasks         = require('../tasks');","var CLI           = require('./cli');","var debug         = require('debug')('ember-cli:cli/index');","","","// Options: Array cliArgs, Stream inputStream, Stream outputStream","module.exports = function(options) {","  var UI = options.UI || require('../ui');","","  // TODO: one UI (lib/models/project.js also has one for now...)","  var ui = new UI({","    inputStream:  options.inputStream,","    outputStream: options.outputStream,","    errorStream:  options.errorStream || process.stderr,","    errorLog:     options.errorLog || [],","    ci:           process.env.CI || /^(dumb|emacs)$/.test(process.env.TERM),","    writeLevel:   ~process.argv.indexOf('--silent') ? 'ERROR' : undefined","  });","","","  var defaultUpdateCheckerOptions = {","    checkForUpdates: false","  };","","  var cli = new CLI({","    ui:        ui,","    testing:   options.testing,","    name: options.cli ? options.cli.name : 'ember',","    disableDependencyChecker: options.disableDependencyChecker,","    root: options.cli ? options.cli.root : path.resolve(__dirname, '..', '..'),","    npmPackage: options.cli ? options.cli.npmPackage : 'ember-cli'","  });","","  var project = Project.projectOrnullProject(ui, cli);","","  var environment = {","    tasks:    tasks,","    cliArgs:  options.cliArgs,","    commands: commands,","    project:  project,","    settings: defaultUpdateCheckerOptions","  };","","  return cli.run(environment);","};",""],"l":{"2":1,"5":1,"6":1,"7":1,"8":1,"9":1,"13":1,"14":0,"17":0,"27":0,"31":0,"40":0,"42":0,"50":0}},"/home/travis/build/npmtest/node-npmtest-angular-cli/angular-cli/ember-cli/lib/models/project.js":{"path":"/home/travis/build/npmtest/node-npmtest-angular-cli/angular-cli/ember-cli/lib/models/project.js","s":{"1":1,"2":1,"3":1,"4":1,"5":1,"6":1,"7":1,"8":1,"9":1,"10":1,"11":1,"12":1,"13":1,"14":1,"15":1,"16":1,"17":0,"18":0,"19":0,"20":0,"21":0,"22":0,"23":0,"24":0,"25":0,"26":0,"27":1,"28":0,"29":1,"30":0,"31":0,"32":1,"33":1,"34":1,"35":0,"36":0,"37":0,"38":0,"39":0,"40":0,"41":0,"42":0,"43":0,"44":0,"45":0,"46":1,"47":0,"48":1,"49":0,"50":1,"51":0,"52":1,"53":0,"54":0,"55":0,"56":0,"57":1,"58":0,"59":0,"60":0,"61":0,"62":0,"63":0,"64":1,"65":0,"66":0,"67":0,"68":0,"69":0,"70":0,"71":1,"72":0,"73":1,"74":0,"75":1,"76":0,"77":1,"78":0,"79":0,"80":0,"81":1,"82":0,"83":0,"84":0,"85":0,"86":0,"87":1,"88":0,"89":0,"90":0,"91":0,"92":1,"93":0,"94":0,"95":0,"96":0,"97":0,"98":0,"99":0,"100":0,"101":0,"102":1,"103":0,"104":0,"105":0,"106":0,"107":0,"108":0,"109":0,"110":0,"111":0,"112":0,"113":0,"114":1,"115":0,"116":0,"117":0,"118":0,"119":0,"120":1,"121":0,"122":1,"123":0,"124":0,"125":0,"126":0,"127":0,"128":1,"129":0,"130":0,"131":0,"132":0,"133":1,"134":0,"135":0,"136":0,"137":1,"138":0,"139":0,"140":0,"141":1,"142":0,"143":0,"144":0,"145":0,"146":0,"147":0,"148":0,"149":1,"150":0,"151":0,"152":0,"153":0,"154":0,"155":1,"156":0,"157":0,"158":0,"159":0,"160":0,"161":0,"162":0,"163":1,"164":0,"165":0,"166":0,"167":0,"168":0,"169":0,"170":0,"171":0,"172":0,"173":0,"174":0,"175":0,"176":0,"177":0,"178":0,"179":0,"180":0,"181":1,"182":0,"183":0,"184":0,"185":0,"186":0,"187":1,"188":0,"189":0,"190":0,"191":0,"192":0,"193":0,"194":0,"195":0,"196":0,"197":0,"198":0,"199":0,"200":1,"201":0,"202":0,"203":0,"204":1,"205":1,"206":1,"207":1,"208":0,"209":0,"210":0,"211":0,"212":1,"213":0,"214":0,"215":1,"216":0,"217":0,"218":0,"219":1,"220":0,"221":1,"222":0,"223":0,"224":0,"225":1},"b":{"1":[0,0],"2":[0,0],"3":[0,0],"4":[0,0],"5":[0,0],"6":[0,0],"7":[0,0],"8":[0,0],"9":[0,0],"10":[0,0,0],"11":[0,0],"12":[0,0],"13":[0,0],"14":[0,0,0],"15":[0,0],"16":[0,0],"17":[0,0],"18":[0,0],"19":[0,0],"20":[0,0],"21":[0,0,0],"22":[0,0],"23":[0,0,0],"24":[0,0],"25":[0,0],"26":[0,0],"27":[0,0],"28":[0,0],"29":[0,0],"30":[0,0],"31":[0,0],"32":[0,0],"33":[0,0],"34":[0,0],"35":[0,0],"36":[0,0],"37":[0,0],"38":[0,0],"39":[0,0],"40":[0,0],"41":[0,0],"42":[0,0],"43":[0,0]},"f":{"1":0,"2":0,"3":0,"4":0,"5":0,"6":0,"7":0,"8":0,"9":0,"10":0,"11":0,"12":0,"13":0,"14":0,"15":0,"16":0,"17":0,"18":0,"19":0,"20":0,"21":0,"22":0,"23":0,"24":0,"25":0,"26":0,"27":0,"28":0,"29":0,"30":0,"31":0,"32":0,"33":0,"34":0,"35":0,"36":0,"37":0,"38":0,"39":0,"40":0,"41":0,"42":0,"43":0,"44":0,"45":0,"46":0,"47":0,"48":0},"fnMap":{"1":{"name":"Project","line":31,"loc":{"start":{"line":31,"column":0},"end":{"line":31,"column":37}}},"2":{"name":"(anonymous_2)","line":48,"loc":{"start":{"line":48,"column":36},"end":{"line":48,"column":47}}},"3":{"name":"(anonymous_3)","line":58,"loc":{"start":{"line":58,"column":41},"end":{"line":58,"column":52}}},"4":{"name":"(anonymous_4)","line":67,"loc":{"start":{"line":67,"column":22},"end":{"line":67,"column":41}}},"5":{"name":"(anonymous_5)","line":72,"loc":{"start":{"line":72,"column":35},"end":{"line":72,"column":46}}},"6":{"name":"(anonymous_6)","line":76,"loc":{"start":{"line":76,"column":33},"end":{"line":76,"column":44}}},"7":{"name":"(anonymous_7)","line":80,"loc":{"start":{"line":80,"column":22},"end":{"line":80,"column":33}}},"8":{"name":"(anonymous_8)","line":96,"loc":{"start":{"line":96,"column":25},"end":{"line":96,"column":36}}},"9":{"name":"(anonymous_9)","line":108,"loc":{"start":{"line":108,"column":38},"end":{"line":108,"column":49}}},"10":{"name":"(anonymous_10)","line":118,"loc":{"start":{"line":118,"column":36},"end":{"line":118,"column":47}}},"11":{"name":"(anonymous_11)","line":129,"loc":{"start":{"line":129,"column":31},"end":{"line":129,"column":42}}},"12":{"name":"(anonymous_12)","line":147,"loc":{"start":{"line":147,"column":27},"end":{"line":147,"column":41}}},"13":{"name":"(anonymous_13)","line":169,"loc":{"start":{"line":169,"column":36},"end":{"line":169,"column":61}}},"14":{"name":"(anonymous_14)","line":174,"loc":{"start":{"line":174,"column":28},"end":{"line":174,"column":52}}},"15":{"name":"(anonymous_15)","line":191,"loc":{"start":{"line":191,"column":24},"end":{"line":191,"column":39}}},"16":{"name":"(anonymous_16)","line":203,"loc":{"start":{"line":203,"column":28},"end":{"line":203,"column":43}}},"17":{"name":"(anonymous_17)","line":217,"loc":{"start":{"line":217,"column":32},"end":{"line":217,"column":47}}},"18":{"name":"(anonymous_18)","line":231,"loc":{"start":{"line":231,"column":28},"end":{"line":231,"column":43}}},"19":{"name":"(anonymous_19)","line":248,"loc":{"start":{"line":248,"column":33},"end":{"line":248,"column":63}}},"20":{"name":"(anonymous_20)","line":266,"loc":{"start":{"line":266,"column":48},"end":{"line":266,"column":59}}},"21":{"name":"(anonymous_21)","line":285,"loc":{"start":{"line":285,"column":37},"end":{"line":285,"column":48}}},"22":{"name":"(anonymous_22)","line":313,"loc":{"start":{"line":313,"column":34},"end":{"line":313,"column":45}}},"23":{"name":"(anonymous_23)","line":315,"loc":{"start":{"line":315,"column":22},"end":{"line":315,"column":38}}},"24":{"name":"(anonymous_24)","line":347,"loc":{"start":{"line":347,"column":37},"end":{"line":347,"column":56}}},"25":{"name":"(anonymous_25)","line":352,"loc":{"start":{"line":352,"column":26},"end":{"line":352,"column":56}}},"26":{"name":"(anonymous_26)","line":365,"loc":{"start":{"line":365,"column":45},"end":{"line":365,"column":56}}},"27":{"name":"(anonymous_27)","line":376,"loc":{"start":{"line":376,"column":41},"end":{"line":376,"column":52}}},"28":{"name":"(anonymous_28)","line":394,"loc":{"start":{"line":394,"column":46},"end":{"line":394,"column":57}}},"29":{"name":"(anonymous_29)","line":395,"loc":{"start":{"line":395,"column":35},"end":{"line":395,"column":51}}},"30":{"name":"(anonymous_30)","line":411,"loc":{"start":{"line":411,"column":30},"end":{"line":411,"column":41}}},"31":{"name":"(anonymous_31)","line":426,"loc":{"start":{"line":426,"column":33},"end":{"line":426,"column":44}}},"32":{"name":"(anonymous_32)","line":440,"loc":{"start":{"line":440,"column":36},"end":{"line":440,"column":51}}},"33":{"name":"(anonymous_33)","line":443,"loc":{"start":{"line":443,"column":37},"end":{"line":443,"column":53}}},"34":{"name":"(anonymous_34)","line":451,"loc":{"start":{"line":451,"column":27},"end":{"line":451,"column":43}}},"35":{"name":"(anonymous_35)","line":468,"loc":{"start":{"line":468,"column":37},"end":{"line":468,"column":71}}},"36":{"name":"(anonymous_36)","line":490,"loc":{"start":{"line":490,"column":18},"end":{"line":490,"column":48}}},"37":{"name":"(anonymous_37)","line":493,"loc":{"start":{"line":493,"column":10},"end":{"line":493,"column":27}}},"38":{"name":"(anonymous_38)","line":501,"loc":{"start":{"line":501,"column":11},"end":{"line":501,"column":28}}},"39":{"name":"(anonymous_39)","line":517,"loc":{"start":{"line":517,"column":22},"end":{"line":517,"column":52}}},"40":{"name":"(anonymous_40)","line":559,"loc":{"start":{"line":559,"column":31},"end":{"line":559,"column":51}}},"41":{"name":"(anonymous_41)","line":576,"loc":{"start":{"line":576,"column":25},"end":{"line":576,"column":37}}},"42":{"name":"NotFoundError","line":598,"loc":{"start":{"line":598,"column":0},"end":{"line":598,"column":32}}},"43":{"name":"ensureUI","line":609,"loc":{"start":{"line":609,"column":0},"end":{"line":609,"column":23}}},"44":{"name":"closestPackageJSON","line":625,"loc":{"start":{"line":625,"column":0},"end":{"line":625,"column":38}}},"45":{"name":"(anonymous_45)","line":627,"loc":{"start":{"line":627,"column":10},"end":{"line":627,"column":30}}},"46":{"name":"findupPath","line":635,"loc":{"start":{"line":635,"column":0},"end":{"line":635,"column":30}}},"47":{"name":"isFindupError","line":643,"loc":{"start":{"line":643,"column":0},"end":{"line":643,"column":31}}},"48":{"name":"handleFindupError","line":648,"loc":{"start":{"line":648,"column":0},"end":{"line":648,"column":45}}}},"statementMap":{"1":{"start":{"line":6,"column":0},"end":{"line":6,"column":51}},"2":{"start":{"line":7,"column":0},"end":{"line":7,"column":41}},"3":{"start":{"line":8,"column":0},"end":{"line":8,"column":62}},"4":{"start":{"line":9,"column":0},"end":{"line":9,"column":63}},"5":{"start":{"line":10,"column":0},"end":{"line":10,"column":39}},"6":{"start":{"line":11,"column":0},"end":{"line":11,"column":48}},"7":{"start":{"line":12,"column":0},"end":{"line":12,"column":48}},"8":{"start":{"line":13,"column":0},"end":{"line":13,"column":50}},"9":{"start":{"line":14,"column":0},"end":{"line":14,"column":50}},"10":{"start":{"line":15,"column":0},"end":{"line":15,"column":49}},"11":{"start":{"line":16,"column":0},"end":{"line":16,"column":63}},"12":{"start":{"line":17,"column":0},"end":{"line":17,"column":54}},"13":{"start":{"line":18,"column":0},"end":{"line":18,"column":42}},"14":{"start":{"line":19,"column":0},"end":{"line":19,"column":54}},"15":{"start":{"line":20,"column":0},"end":{"line":20,"column":71}},"16":{"start":{"line":31,"column":0},"end":{"line":46,"column":1}},"17":{"start":{"line":32,"column":2},"end":{"line":32,"column":31}},"18":{"start":{"line":33,"column":2},"end":{"line":33,"column":28}},"19":{"start":{"line":34,"column":2},"end":{"line":34,"column":27}},"20":{"start":{"line":35,"column":2},"end":{"line":35,"column":26}},"21":{"start":{"line":36,"column":2},"end":{"line":36,"column":27}},"22":{"start":{"line":37,"column":2},"end":{"line":37,"column":26}},"23":{"start":{"line":38,"column":2},"end":{"line":38,"column":19}},"24":{"start":{"line":39,"column":2},"end":{"line":39,"column":37}},"25":{"start":{"line":40,"column":2},"end":{"line":40,"column":30}},"26":{"start":{"line":41,"column":2},"end":{"line":45,"column":4}},"27":{"start":{"line":48,"column":0},"end":{"line":50,"column":2}},"28":{"start":{"line":49,"column":2},"end":{"line":49,"column":32}},"29":{"start":{"line":58,"column":0},"end":{"line":61,"column":2}},"30":{"start":{"line":59,"column":2},"end":{"line":59,"column":52}},"31":{"start":{"line":60,"column":2},"end":{"line":60,"column":53}},"32":{"start":{"line":63,"column":0},"end":{"line":63,"column":31}},"33":{"start":{"line":65,"column":0},"end":{"line":65,"column":17}},"34":{"start":{"line":67,"column":0},"end":{"line":87,"column":2}},"35":{"start":{"line":68,"column":2},"end":{"line":68,"column":44}},"36":{"start":{"line":68,"column":22},"end":{"line":68,"column":42}},"37":{"start":{"line":70,"column":2},"end":{"line":70,"column":54}},"38":{"start":{"line":72,"column":2},"end":{"line":74,"column":4}},"39":{"start":{"line":73,"column":4},"end":{"line":73,"column":17}},"40":{"start":{"line":76,"column":2},"end":{"line":78,"column":4}},"41":{"start":{"line":77,"column":4},"end":{"line":77,"column":17}},"42":{"start":{"line":80,"column":2},"end":{"line":82,"column":4}},"43":{"start":{"line":81,"column":4},"end":{"line":81,"column":40}},"44":{"start":{"line":84,"column":2},"end":{"line":84,"column":34}},"45":{"start":{"line":86,"column":2},"end":{"line":86,"column":22}},"46":{"start":{"line":96,"column":0},"end":{"line":98,"column":2}},"47":{"start":{"line":97,"column":2},"end":{"line":97,"column":43}},"48":{"start":{"line":108,"column":0},"end":{"line":110,"column":2}},"49":{"start":{"line":109,"column":2},"end":{"line":109,"column":79}},"50":{"start":{"line":118,"column":0},"end":{"line":120,"column":2}},"51":{"start":{"line":119,"column":2},"end":{"line":119,"column":78}},"52":{"start":{"line":129,"column":0},"end":{"line":137,"column":2}},"53":{"start":{"line":130,"column":2},"end":{"line":130,"column":28}},"54":{"start":{"line":132,"column":2},"end":{"line":134,"column":3}},"55":{"start":{"line":133,"column":4},"end":{"line":133,"column":55}},"56":{"start":{"line":136,"column":2},"end":{"line":136,"column":46}},"57":{"start":{"line":147,"column":0},"end":{"line":158,"column":2}},"58":{"start":{"line":148,"column":2},"end":{"line":148,"column":37}},"59":{"start":{"line":150,"column":2},"end":{"line":157,"column":3}},"60":{"start":{"line":151,"column":4},"end":{"line":151,"column":57}},"61":{"start":{"line":152,"column":4},"end":{"line":152,"column":60}},"62":{"start":{"line":154,"column":4},"end":{"line":154,"column":42}},"63":{"start":{"line":156,"column":4},"end":{"line":156,"column":41}},"64":{"start":{"line":169,"column":0},"end":{"line":181,"column":2}},"65":{"start":{"line":170,"column":2},"end":{"line":170,"column":26}},"66":{"start":{"line":172,"column":2},"end":{"line":172,"column":43}},"67":{"start":{"line":174,"column":2},"end":{"line":180,"column":20}},"68":{"start":{"line":175,"column":4},"end":{"line":177,"column":5}},"69":{"start":{"line":176,"column":6},"end":{"line":176,"column":47}},"70":{"start":{"line":179,"column":4},"end":{"line":179,"column":18}},"71":{"start":{"line":191,"column":0},"end":{"line":193,"column":2}},"72":{"start":{"line":192,"column":2},"end":{"line":192,"column":98}},"73":{"start":{"line":203,"column":0},"end":{"line":207,"column":2}},"74":{"start":{"line":204,"column":2},"end":{"line":206,"column":5}},"75":{"start":{"line":217,"column":0},"end":{"line":221,"column":2}},"76":{"start":{"line":218,"column":2},"end":{"line":220,"column":5}},"77":{"start":{"line":231,"column":0},"end":{"line":237,"column":2}},"78":{"start":{"line":232,"column":2},"end":{"line":236,"column":3}},"79":{"start":{"line":233,"column":4},"end":{"line":233,"column":47}},"80":{"start":{"line":235,"column":4},"end":{"line":235,"column":58}},"81":{"start":{"line":248,"column":0},"end":{"line":257,"column":2}},"82":{"start":{"line":249,"column":2},"end":{"line":249,"column":30}},"83":{"start":{"line":251,"column":2},"end":{"line":251,"column":47}},"84":{"start":{"line":252,"column":2},"end":{"line":254,"column":3}},"85":{"start":{"line":253,"column":4},"end":{"line":253,"column":25}},"86":{"start":{"line":256,"column":2},"end":{"line":256,"column":58}},"87":{"start":{"line":266,"column":0},"end":{"line":277,"column":2}},"88":{"start":{"line":267,"column":2},"end":{"line":267,"column":32}},"89":{"start":{"line":267,"column":20},"end":{"line":267,"column":30}},"90":{"start":{"line":269,"column":2},"end":{"line":269,"column":82}},"91":{"start":{"line":271,"column":2},"end":{"line":276,"column":4}},"92":{"start":{"line":285,"column":0},"end":{"line":303,"column":2}},"93":{"start":{"line":286,"column":2},"end":{"line":288,"column":3}},"94":{"start":{"line":287,"column":4},"end":{"line":287,"column":11}},"95":{"start":{"line":289,"column":2},"end":{"line":289,"column":33}},"96":{"start":{"line":291,"column":2},"end":{"line":291,"column":49}},"97":{"start":{"line":293,"column":2},"end":{"line":293,"column":75}},"98":{"start":{"line":294,"column":2},"end":{"line":294,"column":43}},"99":{"start":{"line":295,"column":2},"end":{"line":299,"column":5}},"100":{"start":{"line":301,"column":2},"end":{"line":301,"column":56}},"101":{"start":{"line":302,"column":2},"end":{"line":302,"column":24}},"102":{"start":{"line":313,"column":0},"end":{"line":331,"column":2}},"103":{"start":{"line":314,"column":2},"end":{"line":314,"column":20}},"104":{"start":{"line":315,"column":2},"end":{"line":329,"column":5}},"105":{"start":{"line":316,"column":4},"end":{"line":316,"column":86}},"106":{"start":{"line":317,"column":4},"end":{"line":317,"column":27}},"107":{"start":{"line":319,"column":4},"end":{"line":325,"column":5}},"108":{"start":{"line":320,"column":6},"end":{"line":324,"column":7}},"109":{"start":{"line":321,"column":8},"end":{"line":321,"column":51}},"110":{"start":{"line":323,"column":8},"end":{"line":323,"column":67}},"111":{"start":{"line":326,"column":4},"end":{"line":328,"column":5}},"112":{"start":{"line":327,"column":6},"end":{"line":327,"column":43}},"113":{"start":{"line":330,"column":2},"end":{"line":330,"column":18}},"114":{"start":{"line":347,"column":0},"end":{"line":356,"column":2}},"115":{"start":{"line":348,"column":2},"end":{"line":355,"column":3}},"116":{"start":{"line":349,"column":4},"end":{"line":349,"column":28}},"117":{"start":{"line":350,"column":4},"end":{"line":350,"column":45}},"118":{"start":{"line":352,"column":4},"end":{"line":354,"column":7}},"119":{"start":{"line":353,"column":6},"end":{"line":353,"column":43}},"120":{"start":{"line":365,"column":0},"end":{"line":367,"column":2}},"121":{"start":{"line":366,"column":2},"end":{"line":366,"column":44}},"122":{"start":{"line":376,"column":0},"end":{"line":385,"column":2}},"123":{"start":{"line":377,"column":2},"end":{"line":384,"column":3}},"124":{"start":{"line":378,"column":4},"end":{"line":378,"column":56}},"125":{"start":{"line":379,"column":4},"end":{"line":379,"column":60}},"126":{"start":{"line":381,"column":4},"end":{"line":381,"column":48}},"127":{"start":{"line":383,"column":4},"end":{"line":383,"column":44}},"128":{"start":{"line":394,"column":0},"end":{"line":402,"column":2}},"129":{"start":{"line":395,"column":2},"end":{"line":399,"column":11}},"130":{"start":{"line":396,"column":4},"end":{"line":398,"column":5}},"131":{"start":{"line":397,"column":6},"end":{"line":397,"column":36}},"132":{"start":{"line":401,"column":2},"end":{"line":401,"column":46}},"133":{"start":{"line":411,"column":0},"end":{"line":418,"column":2}},"134":{"start":{"line":412,"column":2},"end":{"line":412,"column":53}},"135":{"start":{"line":415,"column":2},"end":{"line":415,"column":73}},"136":{"start":{"line":417,"column":2},"end":{"line":417,"column":18}},"137":{"start":{"line":426,"column":0},"end":{"line":430,"column":2}},"138":{"start":{"line":427,"column":2},"end":{"line":427,"column":19}},"139":{"start":{"line":428,"column":2},"end":{"line":428,"column":34}},"140":{"start":{"line":429,"column":2},"end":{"line":429,"column":33}},"141":{"start":{"line":440,"column":0},"end":{"line":454,"column":2}},"142":{"start":{"line":441,"column":2},"end":{"line":441,"column":26}},"143":{"start":{"line":443,"column":2},"end":{"line":445,"column":5}},"144":{"start":{"line":444,"column":4},"end":{"line":444,"column":73}},"145":{"start":{"line":447,"column":2},"end":{"line":449,"column":3}},"146":{"start":{"line":448,"column":4},"end":{"line":448,"column":22}},"147":{"start":{"line":451,"column":2},"end":{"line":453,"column":5}},"148":{"start":{"line":452,"column":4},"end":{"line":452,"column":93}},"149":{"start":{"line":468,"column":0},"end":{"line":478,"column":2}},"150":{"start":{"line":469,"column":2},"end":{"line":469,"column":95}},"151":{"start":{"line":471,"column":2},"end":{"line":475,"column":3}},"152":{"start":{"line":472,"column":4},"end":{"line":472,"column":39}},"153":{"start":{"line":474,"column":4},"end":{"line":474,"column":26}},"154":{"start":{"line":477,"column":2},"end":{"line":477,"column":12}},"155":{"start":{"line":490,"column":0},"end":{"line":504,"column":2}},"156":{"start":{"line":491,"column":2},"end":{"line":491,"column":25}},"157":{"start":{"line":492,"column":2},"end":{"line":503,"column":7}},"158":{"start":{"line":494,"column":6},"end":{"line":494,"column":50}},"159":{"start":{"line":495,"column":6},"end":{"line":497,"column":7}},"160":{"start":{"line":496,"column":8},"end":{"line":496,"column":46}},"161":{"start":{"line":499,"column":6},"end":{"line":499,"column":65}},"162":{"start":{"line":502,"column":6},"end":{"line":502,"column":42}},"163":{"start":{"line":517,"column":0},"end":{"line":545,"column":2}},"164":{"start":{"line":518,"column":2},"end":{"line":518,"column":25}},"165":{"start":{"line":519,"column":2},"end":{"line":519,"column":21}},"166":{"start":{"line":521,"column":2},"end":{"line":532,"column":3}},"167":{"start":{"line":522,"column":4},"end":{"line":522,"column":81}},"168":{"start":{"line":523,"column":4},"end":{"line":529,"column":5}},"169":{"start":{"line":524,"column":6},"end":{"line":528,"column":7}},"170":{"start":{"line":525,"column":8},"end":{"line":525,"column":41}},"171":{"start":{"line":527,"column":8},"end":{"line":527,"column":34}},"172":{"start":{"line":531,"column":4},"end":{"line":531,"column":37}},"173":{"start":{"line":533,"column":2},"end":{"line":535,"column":3}},"174":{"start":{"line":534,"column":4},"end":{"line":534,"column":76}},"175":{"start":{"line":537,"column":2},"end":{"line":537,"column":27}},"176":{"start":{"line":538,"column":2},"end":{"line":538,"column":24}},"177":{"start":{"line":539,"column":2},"end":{"line":541,"column":3}},"178":{"start":{"line":540,"column":4},"end":{"line":540,"column":42}},"179":{"start":{"line":543,"column":2},"end":{"line":543,"column":53}},"180":{"start":{"line":544,"column":2},"end":{"line":544,"column":47}},"181":{"start":{"line":559,"column":0},"end":{"line":569,"column":2}},"182":{"start":{"line":560,"column":2},"end":{"line":568,"column":3}},"183":{"start":{"line":561,"column":4},"end":{"line":561,"column":57}},"184":{"start":{"line":563,"column":4},"end":{"line":567,"column":5}},"185":{"start":{"line":564,"column":6},"end":{"line":564,"column":44}},"186":{"start":{"line":566,"column":6},"end":{"line":566,"column":19}},"187":{"start":{"line":576,"column":0},"end":{"line":596,"column":2}},"188":{"start":{"line":577,"column":2},"end":{"line":595,"column":3}},"189":{"start":{"line":578,"column":4},"end":{"line":578,"column":63}},"190":{"start":{"line":579,"column":4},"end":{"line":579,"column":60}},"191":{"start":{"line":581,"column":4},"end":{"line":584,"column":5}},"192":{"start":{"line":582,"column":6},"end":{"line":582,"column":84}},"193":{"start":{"line":583,"column":6},"end":{"line":583,"column":27}},"194":{"start":{"line":586,"column":4},"end":{"line":586,"column":63}},"195":{"start":{"line":587,"column":4},"end":{"line":587,"column":21}},"196":{"start":{"line":589,"column":4},"end":{"line":594,"column":5}},"197":{"start":{"line":590,"column":6},"end":{"line":590,"column":74}},"198":{"start":{"line":591,"column":6},"end":{"line":591,"column":27}},"199":{"start":{"line":593,"column":6},"end":{"line":593,"column":19}},"200":{"start":{"line":598,"column":0},"end":{"line":602,"column":1}},"201":{"start":{"line":599,"column":2},"end":{"line":599,"column":30}},"202":{"start":{"line":600,"column":2},"end":{"line":600,"column":25}},"203":{"start":{"line":601,"column":2},"end":{"line":601,"column":35}},"204":{"start":{"line":604,"column":0},"end":{"line":604,"column":57}},"205":{"start":{"line":605,"column":0},"end":{"line":605,"column":52}},"206":{"start":{"line":607,"column":0},"end":{"line":607,"column":38}},"207":{"start":{"line":609,"column":0},"end":{"line":623,"column":1}},"208":{"start":{"line":610,"column":2},"end":{"line":610,"column":15}},"209":{"start":{"line":612,"column":2},"end":{"line":620,"column":3}},"210":{"start":{"line":614,"column":4},"end":{"line":619,"column":7}},"211":{"start":{"line":622,"column":2},"end":{"line":622,"column":12}},"212":{"start":{"line":625,"column":0},"end":{"line":633,"column":1}},"213":{"start":{"line":626,"column":2},"end":{"line":632,"column":7}},"214":{"start":{"line":628,"column":6},"end":{"line":631,"column":9}},"215":{"start":{"line":635,"column":0},"end":{"line":641,"column":1}},"216":{"start":{"line":636,"column":2},"end":{"line":640,"column":3}},"217":{"start":{"line":637,"column":4},"end":{"line":637,"column":49}},"218":{"start":{"line":639,"column":4},"end":{"line":639,"column":40}},"219":{"start":{"line":643,"column":0},"end":{"line":646,"column":1}},"220":{"start":{"line":645,"column":2},"end":{"line":645,"column":53}},"221":{"start":{"line":648,"column":0},"end":{"line":654,"column":1}},"222":{"start":{"line":649,"column":2},"end":{"line":653,"column":3}},"223":{"start":{"
[...]
s.ui","  });","","  var help = new HelpCommand({","    ui:        this.ui,","    commands:  environment.commands,","    tasks:     environment.tasks,","    project:   environment.project,","    settings:  environment.settings,","    testing:   this.testing","  });","","  if (helpIndex > -1) {","    commandArgs.splice(helpIndex,1);","  }","","  if (hIndex > -1) {","    commandArgs.splice(hIndex,1);","  }","","  commandArgs.unshift(commandName);","","  return help.validateAndRun(commandArgs);","};","","CLI.prototype.logError = function(error) {","  if (this.testing && error) {","    console.error(error.message);","    if (error.stack) {","      console.error(error.stack);","    }","    throw error;","  }","  this.ui.errorLog.push(error);","  this.ui.writeError(error);","  return 1;","};",""],"l":{"3":1,"4":1,"5":1,"6":1,"7":1,"8":1,"9":1,"11":1,"12":0,"13":0,"14":0,"15":0,"16":0,"17":0,"19":0,"22":1,"24":1,"25":0,"26":0,"28":0,"29":0,"30":0,"32":0,"33":0,"37":0,"38":0,"39":0,"40":0,"42":0,"47":0,"57":0,"58":0,"61":0,"62":0,"63":0,"64":0,"68":0,"69":0,"74":0,"76":0,"77":0,"78":0,"79":0,"80":0,"84":0,"86":0,"87":0,"88":0,"91":0,"92":0,"98":0,"101":0,"103":0,"109":0,"110":0,"111":0,"113":0,"121":1,"122":0,"123":0,"124":0,"125":0,"126":0,"128":0,"133":0,"142":0,"143":0,"146":0,"147":0,"150":0,"152":0,"155":1,"156":0,"157":0,"158":0,"159":0,"161":0,"163":0,"164":0,"165":0}},"/home/travis/build/npmtest/node-npmtest-angular-cli/angular-cli/ember-cli/lib/cli/lookup-command.js":{"path":"/home/travis/build/npmtest/node-npmtest-angular-cli/angular-cli/ember-cli/lib/cli/lookup-command.js","s":{"1":1,"2":1,"3":0,"4":0,"5":0,"6":1,"7":0,"8":1,"9":0,"10":0,"11":0,"12":0,"13":0,"14":0,"15":0,"16":0,"17":0,"18":0,"19":0,"20":0,"21":0,"22":0,"23":0,"24":0,"25":0,"26":0,"27":0,"28":0,"29":0,"30":0,"31":0},"b":{"1":[0,0],"2":[0,0],"3":[0,0],"4":[0,0],"5":[0,0],"6":[0,0],"7":[0,0],"8":[0,0],"9":[0,0],"10":[0,0],"11":[0,0]},"f":{"1":0,"2":0,"3":0,"4":0},"fnMap":{"1":{"name":"(anonymous_1)","line":5,"loc":{"start":{"line":5,"column":17},"end":{"line":5,"column":74}}},"2":{"name":"aliasMatches","line":10,"loc":{"start":{"line":10,"column":2},"end":{"line":10,"column":31}}},"3":{"name":"findCommand","line":14,"loc":{"start":{"line":14,"column":2},"end":{"line":14,"column":46}}},"4":{"name":"(anonymous_4)","line":33,"loc":{"start":{"line":33,"column":29},"end":{"line":33,"column":59}}}},"statementMap":{"1":{"start":{"line":3,"column":0},"end":{"line":3,"column":52}},"2":{"start":{"line":5,"column":0},"end":{"line":64,"column":2}},"3":{"start":{"line":6,"column":2},"end":{"line":6,"column":33}},"4":{"start":{"line":7,"column":2},"end":{"line":7,"column":32}},"5":{"start":{"line":8,"column":2},"end":{"line":8,"column":27}},"6":{"start":{"line":10,"column":2},"end":{"line":12,"column":3}},"7":{"start":{"line":11,"column":4},"end":{"line":11,"column":33}},"8":{"start":{"line":14,"column":2},"end":{"line":25,"column":3}},"9":{"start":{"line":15,"column":4},"end":{"line":24,"column":5}},"10":{"start":{"line":16,"column":6},"end":{"line":16,"column":34}},"11":{"start":{"line":18,"column":6},"end":{"line":18,"column":40}},"12":{"start":{"line":19,"column":6},"end":{"line":19,"column":52}},"13":{"start":{"line":21,"column":6},"end":{"line":23,"column":7}},"14":{"start":{"line":22,"column":8},"end":{"line":22,"column":23}},"15":{"start":{"line":28,"column":2},"end":{"line":28,"column":51}},"16":{"start":{"line":30,"column":2},"end":{"line":30,"column":19}},"17":{"start":{"line":32,"column":2},"end":{"line":37,"column":3}},"18":{"start":{"line":33,"column":4},"end":{"line":36,"column":7}},"19":{"start":{"line":34,"column":6},"end":{"line":34,"column":56}},"20":{"start":{"line":35,"column":6},"end":{"line":35,"column":27}},"21":{"start":{"line":39,"column":2},"end":{"line":50,"column":3}},"22":{"start":{"line":40,"column":4},"end":{"line":45,"column":5}},"23":{"start":{"line":41,"column":6},"end":{"line":42,"column":109}},"24":{"start":{"line":44,"column":6},"end":{"line":44,"column":26}},"25":{"start":{"line":47,"column":4},"end":{"line":48,"column":90}},"26":{"start":{"line":49,"column":4},"end":{"line":49,"column":19}},"27":{"start":{"line":52,"column":2},"end":{"line":54,"column":3}},"28":{"start":{"line":53,"column":4},"end":{"line":53,"column":19}},"29":{"start":{"line":56,"column":2},"end":{"line":58,"column":3}},"30":{"start":{"line":57,"column":4},"end":{"line":57,"column":24}},"31":{"start":{"line":61,"column":2},"end":{"line":63,"column":5}}},"branchMap":{"1":{"line":6,"type":"binary-expr","locations":[{"start":{"line":6,"column":16},"end":{"line":6,"column":26}},{"start":{"line":6,"column":30},"end":{"line":6,"column":32}}]},"2":{"line":19,"type":"binary-expr","locations":[{"start":{"line":19,"column":20},"end":{"line":19,"column":45}},{"start":{"line":19,"column":49},"end":{"line":19,"column":51}}]},"3":{"line":21,"type":"if","locations":[{"start":{"line":21,"column":6},"end":{"line":21,"column":6}},{"start":{"line":21,"column":6},"end":{"line":21,"column":6}}]},"4":{"line":21,"type":"binary-expr","locations":[{"start":{"line":21,"column":10},"end":{"line":21,"column":30}},{"start":{"line":21,"column":34},"end":{"line":21,"column":60}}]},"5":{"line":32,"type":"if","locations":[{"start":{"line":32,"column":2},"end":{"line":32,"column":2}},{"start":{"line":32,"column":2},"end":{"line":32,"column":2}}]},"6":{"line":32,"type":"binary-expr","locations":[{"start":{"line":32,"column":6},"end":{"line":32,"column":13}},{"start":{"line":32,"column":17},"end":{"line":32,"column":41}}]},"7":{"line":39,"type":"if","locations":[{"start":{"line":39,"column":2},"end":{"line":39,"column":2}},{"start":{"line":39,"column":2},"end":{"line":39,"column":2}}]},"8":{"line":39,"type":"binary-expr","locations":[{"start":{"line":39,"column":6},"end":{"line":39,"column":13}},{"start":{"line":39,"column":17},"end":{"line":39,"column":29}}]},"9":{"line":40,"type":"if","locations":[{"start":{"line":40,"column":4},"end":{"line":40,"column":4}},{"start":{"line":40,"column":4},"end":{"line":40,"column":4}}]},"10":{"line":52,"type":"if","locations":[{"start":{"line":52,"column":2},"end":{"line":52,"column":2}},{"start":{"line":52,"column":2},"end":{"line":52,"column":2}}]},"11":{"line":56,"type":"if","locations":[{"start":{"line":56,"column":2},"end":{"line":56,"column":2}},{"start":{"line":56,"column":2},"end":{"line":56,"column":2}}]}},"code":["'use strict';","","var UnknownCommand = require('../commands/unknown');","","module.exports = function(commands, commandName, commandArgs, optionHash) {","  var options = optionHash || {};","  var project = options.project;","  var ui      = options.ui;","","  function aliasMatches(alias) {","    return alias === commandName;","  }","","  function findCommand(commands, commandName) {","    for (var key in commands) {","      var command = commands[key];","","      var name = command.prototype.name;","      var aliases = command.prototype.aliases || [];","","      if (name === commandName || aliases.some(aliasMatches)) {","        return command;","      }","    }","  }","","  // Attempt to find command in ember-cli core commands","  var command = findCommand(commands, commandName);","","  var addonCommand;","  // Attempt to find command within addons","  if (project && project.eachAddonCommand) {","    project.eachAddonCommand(function(addonName, commands) {","      addonCommand = findCommand(commands, commandName);","      return !addonCommand;","    });","  }","","  if (command && addonCommand) {","    if (addonCommand.overrideCore) {","      ui.writeWarnLine('An ember-addon has attempted to override the core command \"' +","              command.prototype.name + '\". The addon command will be used as the overridding was explicit.');","","      return addonCommand;","    }","","    ui.writeWarnLine('An ember-addon has attempted to override the core command \"' +","                            command.prototype.name + '\". The core command will be used.');","    return command;","  }","","  if (command) {","    return command;","  }","","  if (addonCommand) {","    return addonCommand;","  }","","  // if we didn't find anything, return an \"UnknownCommand\"","  return UnknownCommand.extend({","    name: commandName","  });","};",""],"l":{"3":1,"5":1,"6":0,"7":0,"8":0,"10":1,"11":0,"14":1,"15":0,"16":0,"18":0,"19":0,"21":0,"22":0,"28":0,"30":0,"32":0,"33":0,"34":0,"35":0,"39":0,"40":0,"41":0,"44":0,"47":0,"49":0,"52":0,"53":0,"56":0,"57":0,"61":0}},"/home/travis/build/npmtest/node-npmtest-angular-cli/angular-cli/ember-cli/lib/utilities/get-option-args.js":{"path":"/home/travis/build/npmtest/node-npmtest-angular-cli/angular-cli/ember-cli/lib/utilities/get-option-args.js","s":{"1":1,"2":0,"3":0,"4":0,"5":0,"6":0,"7":0,"8":0,"9":0,"10":0,"11":0},"b":{"1":[0,0],"2":[0,0]},"f":{"1":0},"fnMap":{"1":{"name":"(anonymous_1)","line":3,"loc":{"start":{"line":3,"column":17},"end":{"line":3,"column":47}}}},"statementMap":{"1":{"start":{"line":3,"column":0},"end":{"line":15,"column":2}},"2":{"start":{"line":4,"column":2},"end":{"line":4,"column":29}},"3":{"start":{"line":5,"column":2},"end":{"line":5,"column":48}},"4":{"start":{"line":6,"column":2},"end":{"line":6,"column":45}},"5":{"start":{"line":6,"column":28},"end":{"line":6,"column":43}},"6":{"start":{"line":8,"column":2},"end":{"line":12,"column":3}},"7":{"start":{"line":9,"column":4},"end":{"line":9,"column":27}},"8":{"start":{"line":10,"column":4},"end":{"line":10,"column":38}},"9":{"start":{"line":10,"column":30},"end":{"line":10,"column":36}},"10":{"start":{"line":11,"column":4},"end":{"line":11,"column":24}},"11":{"start":{"line":14,"column":2},"end":{"line":14,"column":17}}},"branchMap":{"1":{"line":6,"type":"if","locations":[{"start":{"line":6,"column":2},"end":{"line":6,"column":2}},{"start":{"line":6,"column":2},"end":{"line":6,"column":2}}]},"2":{"line":10,"type":"if","locations":[{"start":{"line":10,"column":4},"end":{"line":10,"column":4}},{"start":{"line":10,"column":4},"end":{"line":10,"column":4}}]}},"code":["'use strict';","","module.exports = function(option, commandArgs) {","  var results = [], value, i;","  var optionIndex = commandArgs.indexOf(option);","  if (optionIndex === -1) { return results; }","","  for (i = optionIndex + 1; i < commandArgs.length; i++) {","    value = commandArgs[i];","    if (/^\\-+/.test(value)) { break; }","    results.push(value);","  }","","  return results;","};",""],"l":{"3":1,"4":0,"5":0,"6":0,"8":0,"9":0,"10":0,"11":0,"14":0}},"/home/travis/build/npmtest/node-npmtest-angular-cli/angular-cli/ember-cli/lib/utilities/platform-checker.js":{"path":"/home/travis/build/npmtest/node-npmtest-angular-cli/angular-cli/ember-cli/lib/utilities/platform-checker.js","s":{"1":1,"2":1,"3":1,"4":1,"5":1,"6":1,"7":0,"8":0,"9":0,"10":0,"11":0,"12":1,"13":0,"14":1,"15":0,"16":1,"17":0},"b":{},"f":{"1":0,"2":0,"3":0,"4":0},"fnMap":{"1":{"name":"PlatformChecker","line":10,"loc":{"start":{"line":10,"column":0},"end":{"line":10,"column":34}}},"2":{"name":"(anonymous_2)","line":24,"loc":{"start":{"line":24,"column":41},"end":{"line":24,"column":52}}},"3":{"name":"(anonymous_3)","line":28,"loc":{"start":{"line":28,"column":46},"end":{"line":28,"column":57}}},"4":{"name":"(anonymous_4)","line":32,"loc":{"start":{"line":32,"column":44},"end":{"line":32,"column":55}}}},"statementMap":{"1":{"start":{"line":3,"column":0},"end":{"line":3,"column":31}},"2":{"start":{"line":4,"column":0},"end":{"line":4,"column":60}},"3":{"start":{"line":6,"column":0},"end":{"line":6,"column":27}},"4":{"start":{"line":7,"column":0},"end":{"line":7,"column":26}},"5":{"start":{"line":9,"column":0},"end":{"line":9,"column":33}},"6":{"start":{"line":10,"column":0},"end":{"line":22,"column":1}},"7":{"start":{"line":11,"column":2},"end":{"line":11,"column":25}},"8":{"start":{"line":12,"column":2},"end":{"line":12,"column":37}},"9":{"start":{"line":13,"column":2},"end":{"line":13,"column":43}},"10":{"start":{"line":14,"column":2},"end":{"line":14,"column":47}},"11":{"start":{"line":16,"column":2},"end":{"line":21,"column":5}},"12":{"start":{"line":24,"column":0},"end":{"line":26,"column":2}},"13":{"start":{"line":25,"column":2},"end":{"line":25,"column":81}},"14":{"start":{"line":28,"column":0},"end":{"line":30,"column":2}},"15":{"start":{"line":29,"column":2},"end":{"line":29,"column":59}},"16":{"start":{"line":32,"column":0},"end":{"line":34,"column":2}},"17":{"start":{"line":33,"column":2},"end":{"line":33,"column":60}}},"branchMap":{},"code":["'use strict';","","var semver = require('semver');","var debug = require('debug')('ember-cli:platform-checker:');","","var LOWER_RANGE = '0.12.0';","var UPPER_RANGE = '6.0.0';","","module.exports = PlatformChecker;","function PlatformChecker(version) {","  this.version = version;","  this.isValid = this.checkIsValid();","  this.isUntested = this.checkIsUntested();","  this.isDeprecated = this.checkIsDeprecated();","","  debug('%o', {","    version: this.version,","    isValid: this.isValid,","    isUntested: this.isUntested,","    isDeprecated: this.isDeprecated","  });","}","","PlatformChecker.prototype.checkIsValid = function() {","  return semver.satisfies(this.version, '>=' + LOWER_RANGE + ' <' + UPPER_RANGE);","};","","PlatformChecker.prototype.checkIsDeprecated = function() {","  return semver.satisfies(this.version, '<' + LOWER_RANGE);","};","","PlatformChecker.prototype.checkIsUntested = function() {","  return semver.satisfies(this.version, '>=' + UPPER_RANGE);","};","",""],"l":{"3":1,"4":1,"6":1,"7":1,"9":1,"10":1,"11":0,"12":0,"13":0,"14":0,"16":0,"24":1,"25":0,"28":1,"29":0,"32":1,"33":0}},"/home/travis/build/npmtest/node-npmtest-angular-cli/angular-cli/ember-cli/lib/models/installation-checker.js":{"path":"/home/travis/build/npmtest/node-npmtest-angular-cli/angular-cli/ember-cli/lib/models/installation-checker.js","s":{"1":1,"2":1,"3":1,"4":1,"5":1,"6":1,"7":1,"8":0,"9":1,"10":0,"11":0,"12":0,"13":0,"14":0,"15":0,"16":0,"17":1,"18":0,"19":1,"20":0,"21":0,"22":0,"23":1,"24":0,"25":1,"26":0,"27":1,"28":0},"b":{"1":[0,0],"2":[0,0],"3":[0,0],"4":[0,0,0,0],"5":[0,0]},"f":{"1":0,"2":0,"3":0,"4":0,"5":0,"6":0,"7":0},"fnMap":{"1":{"name":"InstallationChecker","line":11,"loc":{"start":{"line":11,"column":0},"end":{"line":11,"column":38}}},"2":{"name":"(anonymous_2)","line":23,"loc":{"start":{"line":23,"column":51},"end":{"line":23,"column":62}}},"3":{"name":"hasDependencies","line":36,"loc":{"start":{"line":36,"column":0},"end":{"line":36,"column":30}}},"4":{"name":"readJSON","line":41,"loc":{"start":{"line":41,"column":0},"end":{"line":41,"column":24}}},"5":{"name":"(anonymous_5)","line":49,"loc":{"start":{"line":49,"column":43},"end":{"line":49,"column":54}}},"6":{"name":"(anonymous_6)","line":53,"loc":{"start":{"line":53,"column":41},"end":{"line":53,"column":52}}},"7":{"name":"(anonymous_7)","line":57,"loc":{"start":{"line":57,"column":58},"end":{"line":57,"column":69}}}},"statementMap":{"1":{"start":{"line":3,"column":0},"end":{"line":3,"column":69}},"2":{"start":{"line":4,"column":0},"end":{"line":4,"column":32}},"3":{"start":{"line":5,"column":0},"end":{"line":5,"column":41}},"4":{"start":{"line":6,"column":0},"end":{"line":6,"column":34}},"5":{"start":{"line":7,"column":0},"end":{"line":7,"column":42}},"6":{"start":{"line":9,"column":0},"end":{"line":9,"column":37}},"7":{"start":{"line":11,"column":0},"end":{"line":13,"column":1}},"8":{"start":{"line":12,"column":2},"end":{"line":12,"column":33}},"9":{"start":{"line":23,"column":0},"end":{"line":34,"column":2}},"10":{"start":{"line":24,"column":2},"end":{"line":24,"column":20}},"11":{"start":{"line":26,"column":2},"end":{"line":29,"column":3}},"12":{"start":{"line":27,"column":4},"end":{"line":27,"column":44}},"13":{"start":{"line":28,"column":4},"end":{"line":28,"column":35}},"14":{"start":{"line":30,"column":2},"end":{"line":33,"column":3}},"15":{"start":{"line":31,"column":4},"end":{"line":31,"column":45}},"16":{"start":{"line":32,"column":4},"end":{"line":32,"column":113}},"17":{"start":{"line":36,"column":0},"end":{"line":39,"column":1}},"18":{"start":{"line":37,"column":2},"end":{"line":38,"column":61}},"19":{"start":{"line":41,"column":0},"end":{"line":47,"column":1}},"20":{"start":{"line":42,"column":2},"end":{"line":46,"column":3}},"21":{"start":{"line":43,"column":4},"end":{"line":43,"column":56}},"22":{"start":{"line":45,"column":4},"end":{"line":45,"column":75}},"23":{"start":{"line":49,"column":0},"end":{"line":51,"column":2}},"24":{"start":{"line":50,"column":2},"end":{"line":50,"column":81}},"25":{"start":{"line":53,"column":0},"end":{"line":55,"column":2}},"26":{"start":{"line":54,"column":2},"end":{"line":54,"column":87}},"27":{"start":{"line":57,"column":0},"end":{"line":59,"column":2}},"28":{"start":{"line":58,"column":2},"end":{"line":58,"column":51}}},"branchMap":{"1":{"line":26,"type":"if","locations":[{"start":{"line":26,"column":2},"end":{"line":26,"column":2}},{"start":{"line":26,"column":2},"end":{"line":26,"column":2}}]},"2":{"line":26,"type":"binary-expr","locations":[{"start":{"line":26,"column":6},"end":{"line":26,"column":21}},{"start":{"line":26,"column":25},"end":{"line":26,"column":57}}]},"3":{"line":30,"type":"if","locations":[{"start":{"line":30,"column":2},"end":{"line":30,"column":2}},{"start":{"line":30,"column":2},"end":{"line":30,"column":2}}]},"4":{"line":37,"type":"binary-expr","locations":[{"start":{"line":37,"column":10},"end":{"line":37,"column":26}},{"start":{"line":37,"column":30},"end":{"line":37,"column":53}},{"start":{"line":38,"column":10},"end":{"line":38,"column":29}},{"start":{"line":38,"column":33},"end":{"line":38,"column":59}}]},"5":{"line":54,"type":"binary-expr","locations":[{"start":{"line":54,"column":9},"end":{"line":54,"column":65}},{"start":{"line":54,"column":69},"end":{"line":54,"column":86}}]}},"code":["'use strict';","","var debug       = require('debug')('ember-cli:installation-checker');","var fs          = require('fs');","var existsSync  = require('exists-sync');","var path        = require('path');","var SilentError = require('silent-error');","","module.exports = InstallationChecker;","","function InstallationChecker(options) {","  this.project = options.project;","}","","/**","* Check if npm directories are present,","* and raise an error message with instructions on how to proceed.","*","* If some of these package managers aren't being used in the project","* we just ignore them. Their usage is considered by checking the","* presence of your manifest files: package.json for npm.","*/","InstallationChecker.prototype.checkInstallations = function() {","  var commands = [];","","  if (this.usingNpm() && this.npmDependenciesNotPresent()) {","    debug('npm dependencies not installed');","    commands.push('`npm install`');","  }","  if (commands.length) {","    var commandText = commands.join(' and ');","    throw new SilentError('No dependencies installed. Run ' + commandText + ' to install missing dependencies.');","  }","};","","function hasDependencies(pkg) {","  return (pkg.dependencies && pkg.dependencies.length) ||","         (pkg.devDependencies && pkg.devDependencies.length);","}","","function readJSON(path) {","  try {","    return JSON.parse(fs.readFileSync(path).toString());","  } catch (e) {","    throw new SilentError('InstallationChecker: Unable to parse: ' + path);","  }","}","","InstallationChecker.prototype.hasNpmDeps = function() {","  return hasDependencies(readJSON(path.join(this.project.root, 'package.json')));","};","","InstallationChecker.prototype.usingNpm = function() {","  return existsSync(path.join(this.project.root, 'package.json')) && this.hasNpmDeps();","};","","InstallationChecker.prototype.npmDependenciesNotPresent = function() {","  return !existsSync(this.project.nodeModulesPath);","};",""],"l":{"3":1,"4":1,"5":1,"6":1,"7":1,"9":1,"11":1,"12":0,"23":1,"24":0,"26":0,"27":0,"28":0,"30":0,"31":0,"32":0,"36":1,"37":0,"41":1,"42":0,"43":0,"45":0,"49":1,"50":0,"53":1,"54":0,"57":1,"58":0}}}